#
# There is insufficient memory for the Java Runtime Environment to continue.
# Native memory allocation (mmap) failed to map 65536 bytes for Failed to commit metaspace.
# Possible reasons:
#   The system is out of physical RAM or swap space
#   The process is running with CompressedOops enabled, and the Java Heap may be blocking the growth of the native heap
# Possible solutions:
#   Reduce memory load on the system
#   Increase physical memory or swap space
#   Check if swap backing store is full
#   Decrease Java heap size (-Xmx/-Xms)
#   Decrease number of Java threads
#   Decrease Java thread stack sizes (-Xss)
#   Set larger code cache with -XX:ReservedCodeCacheSize=
#   JVM is running with Unscaled Compressed Oops mode in which the Java heap is
#     placed in the first 4GB address space. The Java Heap base address is the
#     maximum limit for the native heap growth. Please use -XX:HeapBaseMinAddress
#     to set the Java Heap base and to place the Java Heap above 4GB virtual address.
# This output file may be truncated or incomplete.
#
#  Out of Memory Error (virtualSpaceNode.cpp:110), pid=5436, tid=16980
#
# JRE version: OpenJDK Runtime Environment Temurin-17.0.5+8 (17.0.5+8) (build 17.0.5+8)
# Java VM: OpenJDK 64-Bit Server VM Temurin-17.0.5+8 (17.0.5+8, mixed mode, tiered, compressed oops, compressed class ptrs, g1 gc, windows-amd64)
# No core dump will be written. Minidumps are not enabled by default on client versions of Windows
#

---------------  S U M M A R Y ------------

Command Line: -Dfile.encoding=UTF-8 -XX:+ShowCodeDetailsInExceptionMessages login.desktop.desktop

Host: Intel(R) Core(TM) i3-7020U CPU @ 2.30GHz, 4 cores, 3G,  Windows 10 , 64 bit Build 19041 (10.0.19041.3155)
Time: Sat Sep  9 00:06:50 2023 Hora oficial do Brasil elapsed time: 0.431474 seconds (0d 0h 0m 0s)

---------------  T H R E A D  ---------------

Current thread (0x0000027dbb6eb7b0):  JavaThread "main" [_thread_in_vm, id=16980, stack(0x000000a1d3700000,0x000000a1d3800000)]

Stack: [0x000000a1d3700000,0x000000a1d3800000]
Native frames: (J=compiled Java code, j=interpreted, Vv=VM code, C=native code)
V  [jvm.dll+0x676b3a]
V  [jvm.dll+0x831444]
V  [jvm.dll+0x832bee]
V  [jvm.dll+0x833253]
V  [jvm.dll+0x244ce5]
V  [jvm.dll+0x82d4db]
V  [jvm.dll+0x61b2f6]
V  [jvm.dll+0x1bfd2e]
V  [jvm.dll+0x61dc41]
V  [jvm.dll+0x61bc96]
V  [jvm.dll+0x23a7d0]
V  [jvm.dll+0x1ea39d]
V  [jvm.dll+0x1dfdd1]
V  [jvm.dll+0x53be30]
V  [jvm.dll+0x1f05a7]
V  [jvm.dll+0x7ab9db]
V  [jvm.dll+0x7acd82]
V  [jvm.dll+0x7ad0b8]
V  [jvm.dll+0x23d0ee]
V  [jvm.dll+0x23d33f]
V  [jvm.dll+0x5594a8]
V  [jvm.dll+0x55c357]
V  [jvm.dll+0x382574]
V  [jvm.dll+0x381bdf]
C  0x0000027dbedca56c

Java frames: (J=compiled Java code, j=interpreted, Vv=VM code)
j  java.lang.invoke.LambdaForm.compileToBytecode()V+69 java.base@17.0.5
j  java.lang.invoke.DirectMethodHandle.makePreparedLambdaForm(Ljava/lang/invoke/MethodType;I)Ljava/lang/invoke/LambdaForm;+792 java.base@17.0.5
j  java.lang.invoke.DirectMethodHandle.preparedLambdaForm(Ljava/lang/invoke/MethodType;I)Ljava/lang/invoke/LambdaForm;+17 java.base@17.0.5
j  java.lang.invoke.DirectMethodHandle.preparedLambdaForm(Ljava/lang/invoke/MemberName;Z)Ljava/lang/invoke/LambdaForm;+159 java.base@17.0.5
j  java.lang.invoke.DirectMethodHandle.preparedLambdaForm(Ljava/lang/invoke/MemberName;)Ljava/lang/invoke/LambdaForm;+2 java.base@17.0.5
j  java.lang.invoke.DirectMethodHandle.make(BLjava/lang/Class;Ljava/lang/invoke/MemberName;Ljava/lang/Class;)Ljava/lang/invoke/DirectMethodHandle;+163 java.base@17.0.5
j  java.lang.invoke.MethodHandles$Lookup.getDirectMethodCommon(BLjava/lang/Class;Ljava/lang/invoke/MemberName;ZZLjava/lang/invoke/MethodHandles$Lookup;)Ljava/lang/invoke/MethodHandle;+210 java.base@17.0.5
j  java.lang.invoke.MethodHandles$Lookup.getDirectMethodNoSecurityManager(BLjava/lang/Class;Ljava/lang/invoke/MemberName;Ljava/lang/invoke/MethodHandles$Lookup;)Ljava/lang/invoke/MethodHandle;+14 java.base@17.0.5
j  java.lang.invoke.MethodHandles$Lookup.getDirectMethodForConstant(BLjava/lang/Class;Ljava/lang/invoke/MemberName;)Ljava/lang/invoke/MethodHandle;+31 java.base@17.0.5
j  java.lang.invoke.MethodHandles$Lookup.linkMethodHandleConstant(BLjava/lang/Class;Ljava/lang/String;Ljava/lang/Object;)Ljava/lang/invoke/MethodHandle;+153 java.base@17.0.5
j  java.lang.invoke.MethodHandleNatives.linkMethodHandleConstant(Ljava/lang/Class;ILjava/lang/Class;Ljava/lang/String;Ljava/lang/Object;)Ljava/lang/invoke/MethodHandle;+38 java.base@17.0.5
v  ~StubRoutines::call_stub
j  java.util.ResourceBundle.getLoader(Ljava/lang/Module;)Ljava/lang/ClassLoader;+6 java.base@17.0.5
j  java.util.ResourceBundle.getBundleImpl(Ljava/lang/String;Ljava/util/Locale;Ljava/lang/Class;Ljava/lang/ClassLoader;Ljava/util/ResourceBundle$Control;)Ljava/util/ResourceBundle;+31 java.base@17.0.5
j  java.util.ResourceBundle.getBundleImpl(Ljava/lang/String;Ljava/util/Locale;Ljava/lang/Class;Ljava/util/ResourceBundle$Control;)Ljava/util/ResourceBundle;+8 java.base@17.0.5
j  java.util.ResourceBundle.getBundle(Ljava/lang/String;)Ljava/util/ResourceBundle;+14 java.base@17.0.5
j  java.awt.Toolkit$4.run()Ljava/lang/Void;+2 java.desktop@17.0.5
j  java.awt.Toolkit$4.run()Ljava/lang/Object;+1 java.desktop@17.0.5
j  java.security.AccessController.executePrivileged(Ljava/security/PrivilegedAction;Ljava/security/AccessControlContext;Ljava/lang/Class;)Ljava/lang/Object;+29 java.base@17.0.5
j  java.security.AccessController.doPrivileged(Ljava/security/PrivilegedAction;)Ljava/lang/Object;+5 java.base@17.0.5
j  java.awt.Toolkit.initStatic()V+17 java.desktop@17.0.5
j  java.awt.Toolkit.<clinit>()V+20 java.desktop@17.0.5
v  ~StubRoutines::call_stub
j  java.awt.Component.<clinit>()V+93 java.desktop@17.0.5
v  ~StubRoutines::call_stub
j  login.desktop.desktop.main([Ljava/lang/String;)V+0
v  ~StubRoutines::call_stub

---------------  P R O C E S S  ---------------

Threads class SMR info:
_java_thread_list=0x0000027dd34fc570, length=12, elements={
0x0000027dbb6eb7b0, 0x0000027dd2795770, 0x0000027dd2798870, 0x0000027dd27b63e0,
0x0000027dd27b7250, 0x0000027dd27bd6b0, 0x0000027dd27f5e70, 0x0000027dd27feb60,
0x0000027dd2805180, 0x0000027dd2805780, 0x0000027dd35322e0, 0x0000027dd3549010
}

Java Threads: ( => current thread )
=>0x0000027dbb6eb7b0 JavaThread "main" [_thread_in_vm, id=16980, stack(0x000000a1d3700000,0x000000a1d3800000)]
  0x0000027dd2795770 JavaThread "Reference Handler" daemon [_thread_blocked, id=10228, stack(0x000000a1d3e00000,0x000000a1d3f00000)]
  0x0000027dd2798870 JavaThread "Finalizer" daemon [_thread_blocked, id=16704, stack(0x000000a1d3f00000,0x000000a1d4000000)]
  0x0000027dd27b63e0 JavaThread "Signal Dispatcher" daemon [_thread_blocked, id=16796, stack(0x000000a1d4000000,0x000000a1d4100000)]
  0x0000027dd27b7250 JavaThread "Attach Listener" daemon [_thread_blocked, id=3032, stack(0x000000a1d4100000,0x000000a1d4200000)]
  0x0000027dd27bd6b0 JavaThread "Service Thread" daemon [_thread_blocked, id=14512, stack(0x000000a1d4200000,0x000000a1d4300000)]
  0x0000027dd27f5e70 JavaThread "Monitor Deflation Thread" daemon [_thread_blocked, id=14508, stack(0x000000a1d4300000,0x000000a1d4400000)]
  0x0000027dd27feb60 JavaThread "C2 CompilerThread0" daemon [_thread_blocked, id=15304, stack(0x000000a1d4400000,0x000000a1d4500000)]
  0x0000027dd2805180 JavaThread "C1 CompilerThread0" daemon [_thread_blocked, id=10836, stack(0x000000a1d4500000,0x000000a1d4600000)]
  0x0000027dd2805780 JavaThread "Sweeper thread" daemon [_thread_blocked, id=10744, stack(0x000000a1d4600000,0x000000a1d4700000)]
  0x0000027dd35322e0 JavaThread "Notification Thread" daemon [_thread_blocked, id=15756, stack(0x000000a1d4700000,0x000000a1d4800000)]
  0x0000027dd3549010 JavaThread "Common-Cleaner" daemon [_thread_blocked, id=15640, stack(0x000000a1d4900000,0x000000a1d4a00000)]

Other Threads:
  0x0000027dbb7ad650 VMThread "VM Thread" [stack: 0x000000a1d3d00000,0x000000a1d3e00000] [id=14764]
  0x0000027dd35327b0 WatcherThread [stack: 0x000000a1d4800000,0x000000a1d4900000] [id=17388]
  0x0000027dbb727c40 GCTaskThread "GC Thread#0" [stack: 0x000000a1d3800000,0x000000a1d3900000] [id=14992]
  0x0000027dbb731060 ConcurrentGCThread "G1 Main Marker" [stack: 0x000000a1d3900000,0x000000a1d3a00000] [id=12776]
  0x0000027dbb731a70 ConcurrentGCThread "G1 Conc#0" [stack: 0x000000a1d3a00000,0x000000a1d3b00000] [id=16972]
  0x0000027dbb784200 ConcurrentGCThread "G1 Refine#0" [stack: 0x000000a1d3b00000,0x000000a1d3c00000] [id=10560]
  0x0000027dbb784c20 ConcurrentGCThread "G1 Service" [stack: 0x000000a1d3c00000,0x000000a1d3d00000] [id=16040]

Threads with active compile tasks:

VM state: not at safepoint (normal execution)

VM Mutex/Monitor currently owned by a thread:  ([mutex/lock_event])
[0x0000027db959bb40] Metaspace_lock - owner thread: 0x0000027dbb6eb7b0

Heap address: 0x00000000c1600000, size: 1002 MB, Compressed Oops mode: 32-bit

CDS archive(s) not mapped
Compressed class space mapped at: 0x0000000100000000-0x0000000140000000, reserved size: 1073741824
Narrow klass base: 0x0000000000000000, Narrow klass shift: 3, Narrow klass range: 0x140000000

GC Precious Log:
 CPUs: 4 total, 4 available
 Memory: 4007M
 Large Page Support: Disabled
 NUMA Support: Disabled
 Compressed Oops: Enabled (32-bit)
 Heap Region Size: 1M
 Heap Min Capacity: 8M
 Heap Initial Capacity: 64M
 Heap Max Capacity: 1002M
 Pre-touch: Disabled
 Parallel Workers: 4
 Concurrent Workers: 1
 Concurrent Refinement Workers: 4
 Periodic GC: Disabled

Heap:
 garbage-first heap   total 65536K, used 1024K [0x00000000c1600000, 0x0000000100000000)
  region size 1024K, 2 young (2048K), 0 survivors (0K)
 Metaspace       used 6156K, committed 6272K, reserved 1056768K
  class space    used 529K, committed 576K, reserved 1048576K

Heap Regions: E=young(eden), S=young(survivor), O=old, HS=humongous(starts), HC=humongous(continues), CS=collection set, F=free, OA=open archive, CA=closed archive, TAMS=top-at-mark-start (previous, next)
|   0|0x00000000c1600000, 0x00000000c1600000, 0x00000000c1700000|  0%| F|  |TAMS 0x00000000c1600000, 0x00000000c1600000| Untracked 
|   1|0x00000000c1700000, 0x00000000c1700000, 0x00000000c1800000|  0%| F|  |TAMS 0x00000000c1700000, 0x00000000c1700000| Untracked 
|   2|0x00000000c1800000, 0x00000000c1800000, 0x00000000c1900000|  0%| F|  |TAMS 0x00000000c1800000, 0x00000000c1800000| Untracked 
|   3|0x00000000c1900000, 0x00000000c1900000, 0x00000000c1a00000|  0%| F|  |TAMS 0x00000000c1900000, 0x00000000c1900000| Untracked 
|   4|0x00000000c1a00000, 0x00000000c1a00000, 0x00000000c1b00000|  0%| F|  |TAMS 0x00000000c1a00000, 0x00000000c1a00000| Untracked 
|   5|0x00000000c1b00000, 0x00000000c1b00000, 0x00000000c1c00000|  0%| F|  |TAMS 0x00000000c1b00000, 0x00000000c1b00000| Untracked 
|   6|0x00000000c1c00000, 0x00000000c1c00000, 0x00000000c1d00000|  0%| F|  |TAMS 0x00000000c1c00000, 0x00000000c1c00000| Untracked 
|   7|0x00000000c1d00000, 0x00000000c1d00000, 0x00000000c1e00000|  0%| F|  |TAMS 0x00000000c1d00000, 0x00000000c1d00000| Untracked 
|   8|0x00000000c1e00000, 0x00000000c1e00000, 0x00000000c1f00000|  0%| F|  |TAMS 0x00000000c1e00000, 0x00000000c1e00000| Untracked 
|   9|0x00000000c1f00000, 0x00000000c1f00000, 0x00000000c2000000|  0%| F|  |TAMS 0x00000000c1f00000, 0x00000000c1f00000| Untracked 
|  10|0x00000000c2000000, 0x00000000c2000000, 0x00000000c2100000|  0%| F|  |TAMS 0x00000000c2000000, 0x00000000c2000000| Untracked 
|  11|0x00000000c2100000, 0x00000000c2100000, 0x00000000c2200000|  0%| F|  |TAMS 0x00000000c2100000, 0x00000000c2100000| Untracked 
|  12|0x00000000c2200000, 0x00000000c2200000, 0x00000000c2300000|  0%| F|  |TAMS 0x00000000c2200000, 0x00000000c2200000| Untracked 
|  13|0x00000000c2300000, 0x00000000c2300000, 0x00000000c2400000|  0%| F|  |TAMS 0x00000000c2300000, 0x00000000c2300000| Untracked 
|  14|0x00000000c2400000, 0x00000000c2400000, 0x00000000c2500000|  0%| F|  |TAMS 0x00000000c2400000, 0x00000000c2400000| Untracked 
|  15|0x00000000c2500000, 0x00000000c2500000, 0x00000000c2600000|  0%| F|  |TAMS 0x00000000c2500000, 0x00000000c2500000| Untracked 
|  16|0x00000000c2600000, 0x00000000c2600000, 0x00000000c2700000|  0%| F|  |TAMS 0x00000000c2600000, 0x00000000c2600000| Untracked 
|  17|0x00000000c2700000, 0x00000000c2700000, 0x00000000c2800000|  0%| F|  |TAMS 0x00000000c2700000, 0x00000000c2700000| Untracked 
|  18|0x00000000c2800000, 0x00000000c2800000, 0x00000000c2900000|  0%| F|  |TAMS 0x00000000c2800000, 0x00000000c2800000| Untracked 
|  19|0x00000000c2900000, 0x00000000c2900000, 0x00000000c2a00000|  0%| F|  |TAMS 0x00000000c2900000, 0x00000000c2900000| Untracked 
|  20|0x00000000c2a00000, 0x00000000c2a00000, 0x00000000c2b00000|  0%| F|  |TAMS 0x00000000c2a00000, 0x00000000c2a00000| Untracked 
|  21|0x00000000c2b00000, 0x00000000c2b00000, 0x00000000c2c00000|  0%| F|  |TAMS 0x00000000c2b00000, 0x00000000c2b00000| Untracked 
|  22|0x00000000c2c00000, 0x00000000c2c00000, 0x00000000c2d00000|  0%| F|  |TAMS 0x00000000c2c00000, 0x00000000c2c00000| Untracked 
|  23|0x00000000c2d00000, 0x00000000c2d00000, 0x00000000c2e00000|  0%| F|  |TAMS 0x00000000c2d00000, 0x00000000c2d00000| Untracked 
|  24|0x00000000c2e00000, 0x00000000c2e00000, 0x00000000c2f00000|  0%| F|  |TAMS 0x00000000c2e00000, 0x00000000c2e00000| Untracked 
|  25|0x00000000c2f00000, 0x00000000c2f00000, 0x00000000c3000000|  0%| F|  |TAMS 0x00000000c2f00000, 0x00000000c2f00000| Untracked 
|  26|0x00000000c3000000, 0x00000000c3000000, 0x00000000c3100000|  0%| F|  |TAMS 0x00000000c3000000, 0x00000000c3000000| Untracked 
|  27|0x00000000c3100000, 0x00000000c3100000, 0x00000000c3200000|  0%| F|  |TAMS 0x00000000c3100000, 0x00000000c3100000| Untracked 
|  28|0x00000000c3200000, 0x00000000c3200000, 0x00000000c3300000|  0%| F|  |TAMS 0x00000000c3200000, 0x00000000c3200000| Untracked 
|  29|0x00000000c3300000, 0x00000000c3300000, 0x00000000c3400000|  0%| F|  |TAMS 0x00000000c3300000, 0x00000000c3300000| Untracked 
|  30|0x00000000c3400000, 0x00000000c3400000, 0x00000000c3500000|  0%| F|  |TAMS 0x00000000c3400000, 0x00000000c3400000| Untracked 
|  31|0x00000000c3500000, 0x00000000c3500000, 0x00000000c3600000|  0%| F|  |TAMS 0x00000000c3500000, 0x00000000c3500000| Untracked 
|  32|0x00000000c3600000, 0x00000000c3600000, 0x00000000c3700000|  0%| F|  |TAMS 0x00000000c3600000, 0x00000000c3600000| Untracked 
|  33|0x00000000c3700000, 0x00000000c3700000, 0x00000000c3800000|  0%| F|  |TAMS 0x00000000c3700000, 0x00000000c3700000| Untracked 
|  34|0x00000000c3800000, 0x00000000c3800000, 0x00000000c3900000|  0%| F|  |TAMS 0x00000000c3800000, 0x00000000c3800000| Untracked 
|  35|0x00000000c3900000, 0x00000000c3900000, 0x00000000c3a00000|  0%| F|  |TAMS 0x00000000c3900000, 0x00000000c3900000| Untracked 
|  36|0x00000000c3a00000, 0x00000000c3a00000, 0x00000000c3b00000|  0%| F|  |TAMS 0x00000000c3a00000, 0x00000000c3a00000| Untracked 
|  37|0x00000000c3b00000, 0x00000000c3b00000, 0x00000000c3c00000|  0%| F|  |TAMS 0x00000000c3b00000, 0x00000000c3b00000| Untracked 
|  38|0x00000000c3c00000, 0x00000000c3c00000, 0x00000000c3d00000|  0%| F|  |TAMS 0x00000000c3c00000, 0x00000000c3c00000| Untracked 
|  39|0x00000000c3d00000, 0x00000000c3d00000, 0x00000000c3e00000|  0%| F|  |TAMS 0x00000000c3d00000, 0x00000000c3d00000| Untracked 
|  40|0x00000000c3e00000, 0x00000000c3e00000, 0x00000000c3f00000|  0%| F|  |TAMS 0x00000000c3e00000, 0x00000000c3e00000| Untracked 
|  41|0x00000000c3f00000, 0x00000000c3f00000, 0x00000000c4000000|  0%| F|  |TAMS 0x00000000c3f00000, 0x00000000c3f00000| Untracked 
|  42|0x00000000c4000000, 0x00000000c4000000, 0x00000000c4100000|  0%| F|  |TAMS 0x00000000c4000000, 0x00000000c4000000| Untracked 
|  43|0x00000000c4100000, 0x00000000c4100000, 0x00000000c4200000|  0%| F|  |TAMS 0x00000000c4100000, 0x00000000c4100000| Untracked 
|  44|0x00000000c4200000, 0x00000000c4200000, 0x00000000c4300000|  0%| F|  |TAMS 0x00000000c4200000, 0x00000000c4200000| Untracked 
|  45|0x00000000c4300000, 0x00000000c4300000, 0x00000000c4400000|  0%| F|  |TAMS 0x00000000c4300000, 0x00000000c4300000| Untracked 
|  46|0x00000000c4400000, 0x00000000c4400000, 0x00000000c4500000|  0%| F|  |TAMS 0x00000000c4400000, 0x00000000c4400000| Untracked 
|  47|0x00000000c4500000, 0x00000000c4500000, 0x00000000c4600000|  0%| F|  |TAMS 0x00000000c4500000, 0x00000000c4500000| Untracked 
|  48|0x00000000c4600000, 0x00000000c4600000, 0x00000000c4700000|  0%| F|  |TAMS 0x00000000c4600000, 0x00000000c4600000| Untracked 
|  49|0x00000000c4700000, 0x00000000c4700000, 0x00000000c4800000|  0%| F|  |TAMS 0x00000000c4700000, 0x00000000c4700000| Untracked 
|  50|0x00000000c4800000, 0x00000000c4800000, 0x00000000c4900000|  0%| F|  |TAMS 0x00000000c4800000, 0x00000000c4800000| Untracked 
|  51|0x00000000c4900000, 0x00000000c4900000, 0x00000000c4a00000|  0%| F|  |TAMS 0x00000000c4900000, 0x00000000c4900000| Untracked 
|  52|0x00000000c4a00000, 0x00000000c4a00000, 0x00000000c4b00000|  0%| F|  |TAMS 0x00000000c4a00000, 0x00000000c4a00000| Untracked 
|  53|0x00000000c4b00000, 0x00000000c4b00000, 0x00000000c4c00000|  0%| F|  |TAMS 0x00000000c4b00000, 0x00000000c4b00000| Untracked 
|  54|0x00000000c4c00000, 0x00000000c4c00000, 0x00000000c4d00000|  0%| F|  |TAMS 0x00000000c4c00000, 0x00000000c4c00000| Untracked 
|  55|0x00000000c4d00000, 0x00000000c4d00000, 0x00000000c4e00000|  0%| F|  |TAMS 0x00000000c4d00000, 0x00000000c4d00000| Untracked 
|  56|0x00000000c4e00000, 0x00000000c4e00000, 0x00000000c4f00000|  0%| F|  |TAMS 0x00000000c4e00000, 0x00000000c4e00000| Untracked 
|  57|0x00000000c4f00000, 0x00000000c4f00000, 0x00000000c5000000|  0%| F|  |TAMS 0x00000000c4f00000, 0x00000000c4f00000| Untracked 
|  58|0x00000000c5000000, 0x00000000c5000000, 0x00000000c5100000|  0%| F|  |TAMS 0x00000000c5000000, 0x00000000c5000000| Untracked 
|  59|0x00000000c5100000, 0x00000000c5100000, 0x00000000c5200000|  0%| F|  |TAMS 0x00000000c5100000, 0x00000000c5100000| Untracked 
|  60|0x00000000c5200000, 0x00000000c5200000, 0x00000000c5300000|  0%| F|  |TAMS 0x00000000c5200000, 0x00000000c5200000| Untracked 
|  61|0x00000000c5300000, 0x00000000c5300000, 0x00000000c5400000|  0%| F|  |TAMS 0x00000000c5300000, 0x00000000c5300000| Untracked 
|  62|0x00000000c5400000, 0x00000000c5486598, 0x00000000c5500000| 52%| E|  |TAMS 0x00000000c5400000, 0x00000000c5400000| Complete 
|  63|0x00000000c5500000, 0x00000000c5600000, 0x00000000c5600000|100%| E|CS|TAMS 0x00000000c5500000, 0x00000000c5500000| Complete 

Card table byte_map: [0x0000027dcdfb0000,0x0000027dce1b0000] _byte_map_base: 0x0000027dcd9a5000

Marking Bits (Prev, Next): (CMBitMap*) 0x0000027dbb728250, (CMBitMap*) 0x0000027dbb728290
 Prev Bits: [0x0000027dce3b0000, 0x0000027dcf358000)
 Next Bits: [0x0000027dcf360000, 0x0000027dd0308000)

Polling page: 0x0000027db9490000

Metaspace:

Usage:
  Non-class:      5.49 MB used.
      Class:    529.74 KB used.
       Both:      6.01 MB used.

Virtual space:
  Non-class space:        8.00 MB reserved,       5.56 MB ( 70%) committed,  1 nodes.
      Class space:        1.00 GB reserved,     576.00 KB ( <1%) committed,  1 nodes.
             Both:        1.01 GB reserved,       6.12 MB ( <1%) committed. 

Chunk freelists:
   Non-Class:  2.24 MB
       Class:  3.25 MB
        Both:  5.49 MB

MaxMetaspaceSize: unlimited
CompressedClassSpaceSize: 1.00 GB
Initial GC threshold: 21.00 MB
Current GC threshold: 21.00 MB
CDS: off
MetaspaceReclaimPolicy: balanced
 - commit_granule_bytes: 65536.
 - commit_granule_words: 8192.
 - virtual_space_node_default_size: 1048576.
 - enlarge_chunks_in_place: 1.
 - new_chunks_are_fully_committed: 0.
 - uncommit_free_chunks: 1.
 - use_allocation_guard: 0.
 - handle_deallocations: 1.


Internal statistics:

num_allocs_failed_limit: 0.
num_arena_births: 4.
num_arena_deaths: 0.
num_vsnodes_births: 2.
num_vsnodes_deaths: 0.
num_space_committed: 98.
num_space_uncommitted: 0.
num_chunks_returned_to_freelist: 0.
num_chunks_taken_from_freelist: 15.
num_chunk_merges: 0.
num_chunk_splits: 3.
num_chunks_enlarged: 1.
num_purges: 0.
num_inconsistent_stats: 0.

CodeHeap 'non-profiled nmethods': size=120000Kb used=22Kb max_used=22Kb free=119977Kb
 bounds [0x0000027dc6880000, 0x0000027dc6af0000, 0x0000027dcddb0000]
CodeHeap 'profiled nmethods': size=120000Kb used=136Kb max_used=136Kb free=119863Kb
 bounds [0x0000027dbf350000, 0x0000027dbf5c0000, 0x0000027dc6880000]
CodeHeap 'non-nmethods': size=5760Kb used=1079Kb max_used=1079Kb free=4680Kb
 bounds [0x0000027dbedb0000, 0x0000027dbf020000, 0x0000027dbf350000]
 total_blobs=456 nmethods=107 adapters=262
 compilation: enabled
              stopped_count=0, restarted_count=0
 full_count=0

Compilation events (20 events):
Event: 0.397 Thread 0x0000027dd2805180 nmethod 101 0x0000027dbf36ed90 code [0x0000027dbf36ef40, 0x0000027dbf36f278]
Event: 0.397 Thread 0x0000027dd2805180  102       3       java.util.zip.ZipUtils::CENCOM (9 bytes)
Event: 0.397 Thread 0x0000027dd2805180 nmethod 102 0x0000027dbf36f410 code [0x0000027dbf36f5a0, 0x0000027dbf36f758]
Event: 0.397 Thread 0x0000027dd2805180   95       3       java.util.zip.ZipUtils::CENSIG (8 bytes)
Event: 0.397 Thread 0x0000027dd2805180 nmethod 95 0x0000027dbf36f890 code [0x0000027dbf36fa40, 0x0000027dbf36fd18]
Event: 0.397 Thread 0x0000027dd2805180   96       3       java.util.zip.ZipUtils::CENFLG (9 bytes)
Event: 0.397 Thread 0x0000027dd2805180 nmethod 96 0x0000027dbf36fe90 code [0x0000027dbf370020, 0x0000027dbf3701d8]
Event: 0.397 Thread 0x0000027dd2805180   97       3       java.util.zip.ZipUtils::CENNAM (9 bytes)
Event: 0.397 Thread 0x0000027dd2805180 nmethod 97 0x0000027dbf370310 code [0x0000027dbf3704a0, 0x0000027dbf370658]
Event: 0.398 Thread 0x0000027dd2805180   98       3       java.util.zip.ZipFile$Source::zipCoderForPos (39 bytes)
Event: 0.398 Thread 0x0000027dd2805180 nmethod 98 0x0000027dbf370790 code [0x0000027dbf370960, 0x0000027dbf370d48]
Event: 0.398 Thread 0x0000027dd2805180   99       3       java.util.zip.ZipFile$Source::isMetaName (141 bytes)
Event: 0.398 Thread 0x0000027dd2805180 nmethod 99 0x0000027dbf370f10 code [0x0000027dbf3710c0, 0x0000027dbf3715d8]
Event: 0.398 Thread 0x0000027dd2805180  103       3       java.util.zip.ZipUtils::CENEXT (9 bytes)
Event: 0.399 Thread 0x0000027dd2805180 nmethod 103 0x0000027dbf371790 code [0x0000027dbf371920, 0x0000027dbf371ad8]
Event: 0.403 Thread 0x0000027dd2805180  105       3       java.lang.Math::max (11 bytes)
Event: 0.404 Thread 0x0000027dd2805180 nmethod 105 0x0000027dbf371c10 code [0x0000027dbf371da0, 0x0000027dbf371ed8]
Event: 0.404 Thread 0x0000027dd27feb60 nmethod 104 0x0000027dc6884f90 code [0x0000027dc6885120, 0x0000027dc68853f8]
Event: 0.418 Thread 0x0000027dd2805180  106       3       java.lang.String::<init> (15 bytes)
Event: 0.419 Thread 0x0000027dd2805180 nmethod 106 0x0000027dbf371f90 code [0x0000027dbf372120, 0x0000027dbf3722d8]

GC Heap History (0 events):
No events

Dll operation events (5 events):
Event: 0.025 Loaded shared library C:\Users\claud\.p2\pool\plugins\org.eclipse.justj.openjdk.hotspot.jre.full.win32.x86_64_17.0.5.v20221102-0933\jre\bin\java.dll
Event: 0.354 Loaded shared library C:\Users\claud\.p2\pool\plugins\org.eclipse.justj.openjdk.hotspot.jre.full.win32.x86_64_17.0.5.v20221102-0933\jre\bin\jimage.dll
Event: 0.382 Loaded shared library C:\Users\claud\.p2\pool\plugins\org.eclipse.justj.openjdk.hotspot.jre.full.win32.x86_64_17.0.5.v20221102-0933\jre\bin\net.dll
Event: 0.388 Loaded shared library C:\Users\claud\.p2\pool\plugins\org.eclipse.justj.openjdk.hotspot.jre.full.win32.x86_64_17.0.5.v20221102-0933\jre\bin\nio.dll
Event: 0.402 Loaded shared library C:\Users\claud\.p2\pool\plugins\org.eclipse.justj.openjdk.hotspot.jre.full.win32.x86_64_17.0.5.v20221102-0933\jre\bin\zip.dll

Deoptimization events (0 events):
No events

Classes unloaded (0 events):
No events

Classes redefined (0 events):
No events

Internal exceptions (0 events):
No events

VM Operations (0 events):
No events

Events (20 events):
Event: 0.419 loading class java/lang/invoke/LambdaForm$NamedFunction done
Event: 0.419 loading class java/lang/invoke/DirectMethodHandle$Holder
Event: 0.420 loading class java/lang/invoke/DirectMethodHandle$Holder done
Event: 0.420 loading class sun/invoke/util/ValueConversions
Event: 0.421 loading class sun/invoke/util/ValueConversions done
Event: 0.421 loading class java/lang/invoke/MethodHandleImpl
Event: 0.422 loading class java/lang/invoke/MethodHandleImpl done
Event: 0.422 loading class java/lang/invoke/Invokers
Event: 0.423 loading class java/lang/invoke/Invokers done
Event: 0.423 loading class java/lang/invoke/LambdaForm$Kind
Event: 0.424 loading class java/lang/invoke/LambdaForm$Kind done
Event: 0.424 loading class java/lang/NoSuchMethodException
Event: 0.424 loading class java/lang/NoSuchMethodException done
Event: 0.424 loading class java/lang/invoke/LambdaForm$BasicType
Event: 0.425 loading class java/lang/invoke/LambdaForm$BasicType done
Event: 0.425 loading class java/lang/invoke/LambdaForm$Name
Event: 0.425 loading class java/lang/invoke/LambdaForm$Name done
Event: 0.425 loading class java/lang/invoke/LambdaForm$Holder
Event: 0.425 loading class java/lang/invoke/LambdaForm$Holder done
Event: 0.426 loading class java/lang/invoke/InvokerBytecodeGenerator


Dynamic libraries:
0x00007ff6cabb0000 - 0x00007ff6cabbe000 	C:\Users\claud\.p2\pool\plugins\org.eclipse.justj.openjdk.hotspot.jre.full.win32.x86_64_17.0.5.v20221102-0933\jre\bin\javaw.exe
0x00007ffe11050000 - 0x00007ffe11248000 	C:\Windows\SYSTEM32\ntdll.dll
0x00007ffe0f0b0000 - 0x00007ffe0f16f000 	C:\Windows\System32\KERNEL32.DLL
0x00007ffe0e9e0000 - 0x00007ffe0ecd6000 	C:\Windows\System32\KERNELBASE.dll
0x00007ffe0ed10000 - 0x00007ffe0ee10000 	C:\Windows\System32\ucrtbase.dll
0x00007ffe01930000 - 0x00007ffe01947000 	C:\Users\claud\.p2\pool\plugins\org.eclipse.justj.openjdk.hotspot.jre.full.win32.x86_64_17.0.5.v20221102-0933\jre\bin\jli.dll
0x00007ffe0a110000 - 0x00007ffe0a129000 	C:\Users\claud\.p2\pool\plugins\org.eclipse.justj.openjdk.hotspot.jre.full.win32.x86_64_17.0.5.v20221102-0933\jre\bin\VCRUNTIME140.dll
0x00007ffe10900000 - 0x00007ffe10a9d000 	C:\Windows\System32\USER32.dll
0x00007ffe0ece0000 - 0x00007ffe0ed02000 	C:\Windows\System32\win32u.dll
0x00007ffdfa320000 - 0x00007ffdfa5ba000 	C:\Windows\WinSxS\amd64_microsoft.windows.common-controls_6595b64144ccf1df_6.0.19041.1110_none_60b5254171f9507e\COMCTL32.dll
0x00007ffe0f350000 - 0x00007ffe0f37c000 	C:\Windows\System32\GDI32.dll
0x00007ffe0fb30000 - 0x00007ffe0fbce000 	C:\Windows\System32\msvcrt.dll
0x00007ffe0e840000 - 0x00007ffe0e955000 	C:\Windows\System32\gdi32full.dll
0x00007ffe0e7a0000 - 0x00007ffe0e83d000 	C:\Windows\System32\msvcp_win.dll
0x00007ffe0f170000 - 0x00007ffe0f1a0000 	C:\Windows\System32\IMM32.DLL
0x00007ffe0a160000 - 0x00007ffe0a16c000 	C:\Users\claud\.p2\pool\plugins\org.eclipse.justj.openjdk.hotspot.jre.full.win32.x86_64_17.0.5.v20221102-0933\jre\bin\vcruntime140_1.dll
0x00007ffdefa70000 - 0x00007ffdefb01000 	C:\Users\claud\.p2\pool\plugins\org.eclipse.justj.openjdk.hotspot.jre.full.win32.x86_64_17.0.5.v20221102-0933\jre\bin\msvcp140.dll
0x00007ffd865c0000 - 0x00007ffd87204000 	C:\Users\claud\.p2\pool\plugins\org.eclipse.justj.openjdk.hotspot.jre.full.win32.x86_64_17.0.5.v20221102-0933\jre\bin\server\jvm.dll
0x00007ffe10850000 - 0x00007ffe108ff000 	C:\Windows\System32\ADVAPI32.dll
0x00007ffe10040000 - 0x00007ffe100dc000 	C:\Windows\System32\sechost.dll
0x00007ffe0fa00000 - 0x00007ffe0fb26000 	C:\Windows\System32\RPCRT4.dll
0x00007ffdf8e80000 - 0x00007ffdf8e8a000 	C:\Windows\SYSTEM32\VERSION.dll
0x00007ffdf7540000 - 0x00007ffdf7567000 	C:\Windows\SYSTEM32\WINMM.dll
0x00007ffdee590000 - 0x00007ffdee599000 	C:\Windows\SYSTEM32\WSOCK32.dll
0x00007ffe10be0000 - 0x00007ffe10c4b000 	C:\Windows\System32\WS2_32.dll
0x00007ffe0c7b0000 - 0x00007ffe0c7c2000 	C:\Windows\SYSTEM32\kernel.appcore.dll
0x00007ffe06300000 - 0x00007ffe0630a000 	C:\Users\claud\.p2\pool\plugins\org.eclipse.justj.openjdk.hotspot.jre.full.win32.x86_64_17.0.5.v20221102-0933\jre\bin\jimage.dll
0x00007ffe0c000000 - 0x00007ffe0c1e4000 	C:\Windows\SYSTEM32\DBGHELP.DLL
0x00007ffdf6f90000 - 0x00007ffdf6fc4000 	C:\Windows\SYSTEM32\dbgcore.DLL
0x00007ffe0ef70000 - 0x00007ffe0eff2000 	C:\Windows\System32\bcryptPrimitives.dll
0x00007ffdf89d0000 - 0x00007ffdf89f5000 	C:\Users\claud\.p2\pool\plugins\org.eclipse.justj.openjdk.hotspot.jre.full.win32.x86_64_17.0.5.v20221102-0933\jre\bin\java.dll
0x00007ffe01710000 - 0x00007ffe01728000 	C:\Users\claud\.p2\pool\plugins\org.eclipse.justj.openjdk.hotspot.jre.full.win32.x86_64_17.0.5.v20221102-0933\jre\bin\zip.dll
0x00007ffe100e0000 - 0x00007ffe10824000 	C:\Windows\System32\SHELL32.dll
0x00007ffe0c7d0000 - 0x00007ffe0cf63000 	C:\Windows\SYSTEM32\windows.storage.dll
0x00007ffe10cb0000 - 0x00007ffe11004000 	C:\Windows\System32\combase.dll
0x00007ffe0e170000 - 0x00007ffe0e19e000 	C:\Windows\SYSTEM32\Wldp.dll
0x00007ffe0ff90000 - 0x00007ffe1003d000 	C:\Windows\System32\SHCORE.dll
0x00007ffe0f990000 - 0x00007ffe0f9e5000 	C:\Windows\System32\shlwapi.dll
0x00007ffe0e660000 - 0x00007ffe0e685000 	C:\Windows\SYSTEM32\profapi.dll
0x00007ffe016d0000 - 0x00007ffe016e9000 	C:\Users\claud\.p2\pool\plugins\org.eclipse.justj.openjdk.hotspot.jre.full.win32.x86_64_17.0.5.v20221102-0933\jre\bin\net.dll
0x00007ffe01420000 - 0x00007ffe0152a000 	C:\Windows\SYSTEM32\WINHTTP.dll
0x00007ffe0ded0000 - 0x00007ffe0df3a000 	C:\Windows\system32\mswsock.dll
0x00007ffdf89b0000 - 0x00007ffdf89c5000 	C:\Users\claud\.p2\pool\plugins\org.eclipse.justj.openjdk.hotspot.jre.full.win32.x86_64_17.0.5.v20221102-0933\jre\bin\nio.dll

dbghelp: loaded successfully - version: 4.0.5 - missing functions: none
symbol engine: initialized successfully - sym options: 0x614 - pdb path: .;C:\Users\claud\.p2\pool\plugins\org.eclipse.justj.openjdk.hotspot.jre.full.win32.x86_64_17.0.5.v20221102-0933\jre\bin;C:\Windows\SYSTEM32;C:\Windows\WinSxS\amd64_microsoft.windows.common-controls_6595b64144ccf1df_6.0.19041.1110_none_60b5254171f9507e;C:\Users\claud\.p2\pool\plugins\org.eclipse.justj.openjdk.hotspot.jre.full.win32.x86_64_17.0.5.v20221102-0933\jre\bin\server

VM Arguments:
jvm_args: -Dfile.encoding=UTF-8 -XX:+ShowCodeDetailsInExceptionMessages 
java_command: login.desktop.desktop
java_class_path (initial): C:\Users\claud\eclipse-workspace\login\bin;C:\Users\claud\Downloads\mysql-connector-j-8.0.32.jar
Launcher Type: SUN_STANDARD

[Global flags]
     intx CICompilerCount                          = 3                                         {product} {ergonomic}
     uint ConcGCThreads                            = 1                                         {product} {ergonomic}
     uint G1ConcRefinementThreads                  = 4                                         {product} {ergonomic}
   size_t G1HeapRegionSize                         = 1048576                                   {product} {ergonomic}
    uintx GCDrainStackTargetSize                   = 64                                        {product} {ergonomic}
   size_t InitialHeapSize                          = 67108864                                  {product} {ergonomic}
   size_t MarkStackSize                            = 4194304                                   {product} {ergonomic}
   size_t MaxHeapSize                              = 1050673152                                {product} {ergonomic}
   size_t MaxNewSize                               = 630194176                                 {product} {ergonomic}
   size_t MinHeapDeltaBytes                        = 1048576                                   {product} {ergonomic}
   size_t MinHeapSize                              = 8388608                                   {product} {ergonomic}
    uintx NonNMethodCodeHeapSize                   = 5832780                                {pd product} {ergonomic}
    uintx NonProfiledCodeHeapSize                  = 122912730                              {pd product} {ergonomic}
    uintx ProfiledCodeHeapSize                     = 122912730                              {pd product} {ergonomic}
    uintx ReservedCodeCacheSize                    = 251658240                              {pd product} {ergonomic}
     bool SegmentedCodeCache                       = true                                      {product} {ergonomic}
     bool ShowCodeDetailsInExceptionMessages       = true                                   {manageable} {command line}
   size_t SoftMaxHeapSize                          = 1050673152                             {manageable} {ergonomic}
     bool UseCompressedClassPointers               = true                           {product lp64_product} {ergonomic}
     bool UseCompressedOops                        = true                           {product lp64_product} {ergonomic}
     bool UseG1GC                                  = true                                      {product} {ergonomic}
     bool UseLargePagesIndividualAllocation        = false                                  {pd product} {ergonomic}

Logging:
Log output configuration:
 #0: stdout all=warning uptime,level,tags
 #1: stderr all=off uptime,level,tags

Environment Variables:
PATH=C:/Program Files/Java/jdk-19/bin/server;C:/Program Files/Java/jdk-19/bin;C:\Program Files\Common Files\Oracle\Java\javapath;C:\Program Files (x86)\Intel\Intel(R) Management Engine Components\iCLS\;C:\Program Files\Intel\Intel(R) Management Engine Components\iCLS\;C:\Windows\system32;C:\Windows;C:\Windows\System32\Wbem;C:\Windows\System32\WindowsPowerShell\v1.0\;C:\Windows\System32\OpenSSH\;C:\Program Files (x86)\Intel\Intel(R) Management Engine Components\DAL;C:\Program Files\Intel\Intel(R) Management Engine Components\DAL;C:\ProgramData\UNIVALI\Portugol Studio;C:\Program Files\Git\cmd;C:\Program Files (x86)\Microsoft SQL Server\160\Tools\Binn\;C:\Program Files\Microsoft SQL Server\160\Tools\Binn\;C:\Program Files\Microsoft SQL Server\Client SDK\ODBC\170\Tools\Binn\;C:\Program Files\Microsoft SQL Server\160\DTS\Binn\;C:\Program Files (x86)\Microsoft SQL Server\160\DTS\Binn\;C:\Program Files\MySQL\MySQL Shell 8.0\bin\;C:\Users\claud\AppData\Local\Microsoft\WindowsApps;C:\Users\claud\AppData\Local\Programs\Microsoft VS Code\bin;C:\Program Files\Azure Data Studio\bin;C:\Windows;
USERNAME=claud
OS=Windows_NT
PROCESSOR_IDENTIFIER=Intel64 Family 6 Model 142 Stepping 10, GenuineIntel
TMP=C:\Users\claud\AppData\Local\Temp
TEMP=C:\Users\claud\AppData\Local\Temp



---------------  S Y S T E M  ---------------

OS:
 Windows 10 , 64 bit Build 19041 (10.0.19041.3155)
OS uptime: 4 days 23:48 hours

CPU: total 4 (initial active 4) (2 cores per cpu, 2 threads per core) family 6 model 142 stepping 10 microcode 0xb4, cx8, cmov, fxsr, ht, mmx, 3dnowpref, sse, sse2, sse3, ssse3, sse4.1, sse4.2, popcnt, lzcnt, tsc, tscinvbit, avx, avx2, aes, erms, clmul, bmi1, bmi2, adx, fma, vzeroupper, clflush, clflushopt

Memory: 4k page, system-wide physical 4007M (217M free)
TotalPageFile size 16295M (AvailPageFile size 0M)
current process WorkingSet (physical memory assigned to process): 32M, peak: 32M
current process commit charge ("private bytes"): 129M, peak: 130M

vm_info: OpenJDK 64-Bit Server VM (17.0.5+8) for windows-amd64 JRE (17.0.5+8), built on Oct 19 2022 04:48:13 by "temurin" with MS VC++ 16.7 (VS2019)

END.
