#
# A fatal error has been detected by the Java Runtime Environment:
#
#  EXCEPTION_UNCAUGHT_CXX_EXCEPTION (0xe06d7363) at pc=0x00007ffe0ea0cf19, pid=12532, tid=16656
#
# JRE version:  (17.0.5+8) (build )
# Java VM: OpenJDK 64-Bit Server VM (17.0.5+8, mixed mode, tiered, compressed oops, compressed class ptrs, g1 gc, windows-amd64)
# Problematic frame:
# C  [KERNELBASE.dll+0x2cf19]
#
# No core dump will be written. Minidumps are not enabled by default on client versions of Windows
#
#

---------------  S U M M A R Y ------------

Command Line: -Dfile.encoding=UTF-8 -XX:+ShowCodeDetailsInExceptionMessages login.desktop.desktop

Host: Intel(R) Core(TM) i3-7020U CPU @ 2.30GHz, 4 cores, 3G,  Windows 10 , 64 bit Build 19041 (10.0.19041.3155)
Time: Tue Sep  5 20:52:03 2023 Hora oficial do Brasil elapsed time: 0.105265 seconds (0d 0h 0m 0s)

---------------  T H R E A D  ---------------

Current thread (0x0000019ecbc296b0):  JavaThread "main" [_thread_in_vm, id=16656, stack(0x0000001083200000,0x0000001083300000)]

Stack: [0x0000001083200000,0x0000001083300000],  sp=0x00000010832fd480,  free space=1013k
Native frames: (J=compiled Java code, j=interpreted, Vv=VM code, C=native code)
C  [KERNELBASE.dll+0x2cf19]
C  [VCRUNTIME140.dll+0x6220]
C  [jimage.dll+0x32a7]
C  [jimage.dll+0x2a15]
C  [jimage.dll+0x145b]
C  [jimage.dll+0x1e97]
C  [jimage.dll+0x1f2e]
C  [jimage.dll+0x2666]
V  [jvm.dll+0x1f191d]
V  [jvm.dll+0x1f0542]
V  [jvm.dll+0x7ab9db]
V  [jvm.dll+0x7acd82]
V  [jvm.dll+0x7ad0b8]
V  [jvm.dll+0x23d0ee]
V  [jvm.dll+0x37e55e]
C  0x0000019ed0adb6e4

Java frames: (J=compiled Java code, j=interpreted, Vv=VM code)
j  java.lang.invoke.MethodHandles.lookup()Ljava/lang/invoke/MethodHandles$Lookup;+0 java.base
j  jdk.internal.access.SharedSecrets.<clinit>()V+0 java.base
v  ~StubRoutines::call_stub
j  java.lang.reflect.AccessibleObject.<clinit>()V+7 java.base
v  ~StubRoutines::call_stub

siginfo: EXCEPTION_UNCAUGHT_CXX_EXCEPTION (0xe06d7363), ExceptionInformation=0x0000000019930520 0x00000010832fd5e0 0x00007ffdfa5f5138 0x00007ffdfa5f0000 


Register to memory mapping:

RIP=0x00007ffe0ea0cf19 KERNELBASE.dll
RAX=0x00007ffdc069d7d6 jvm.dll
RBX=0x00007ffdfa5f5138 jimage.dll
RCX=0x0000019ee5171df0 is pointing into metadata
RDX=0x000000010005e490 is a pointer to class: 
java.security.BasicPermission {0x000000010005e498}
 - instance size:     3
 - klass size:        73
 - access:            public synchronized abstract 
 - state:             fully_initialized
 - name:              'java/security/BasicPermission'
 - super:             'java/security/Permission'
 - sub:               'java/lang/reflect/ReflectPermission'   
 - arrays:            NULL
 - methods:           Array<T>(0x0000019ee51722e8)
 - method ordering:   Array<T>(0x0000019ee5000018)
 - default_methods:   Array<T>(0x0000000000000000)
 - local interfaces:  Array<T>(0x0000019ee51722a0)
 - trans. interfaces: Array<T>(0x0000019ee51737a8)
 - constants:         constant pool [129] {0x0000019ee5171df8} for 'java/security/BasicPermission' cache=0x0000019ee5173970
 - class loader data:  loader data: 0x0000019ecbccf4e0 of 'bootstrap'
 - source file:       'BasicPermission.java'
 - class annotations:       Array<T>(0x0000000000000000)
 - class type annotations:  Array<T>(0x0000000000000000)
 - field annotations:       Array<T>(0x0000000000000000)
 - field type annotations:  Array<T>(0x0000000000000000)
 - inner classes:     Array<T>(0x0000019ee5000028)
 - nest members:     Array<T>(0x0000019ee5000028)
 - permitted subclasses:     Array<T>(0x0000019ee5000028)
 - java mirror:       a 'java/lang/Class'{0x00000000c5509670} = 'java/security/BasicPermission'
 - vtable length      9  (start addr: 0x000000010005e658)
 - itable length      5 (start addr: 0x000000010005e6a0)
 - ---- static fields (1 words):
 - private static final 'serialVersionUID' 'J' @112 
 - ---- non-static fields (3 words):
 - private 'name' 'Ljava/lang/String;' @12 
 - private transient 'wildcard' 'Z' @16 
 - private transient 'exitVM' 'Z' @17 
 - private transient 'path' 'Ljava/lang/String;' @20 
 - non-static oop maps: 12-12 20-20 
RSP=0x00000010832fd480 is pointing into the stack for thread: 0x0000019ecbc296b0
RBP=0x00000010832fd710 is pointing into the stack for thread: 0x0000019ecbc296b0
RSI=0x00000010832fd5e0 is pointing into the stack for thread: 0x0000019ecbc296b0
RDI=0x0000000019930520 is an unknown value
R8 =0x0000000400000002 is an unknown value
R9 =0x0000000000000018 is an unknown value
R10=0x00007ffd00000000 is an unknown value
R11=0x0000f621148c474a is an unknown value
R12=0x0000000000009e35 is an unknown value
R13=0x0000019ecbc29b90 points into unknown readable memory: 0x6e616c2f6176616a | 6a 61 76 61 2f 6c 61 6e
R14=0x0000019ee4c355d0 points into unknown readable memory: 0x6e616c2f6176616a | 6a 61 76 61 2f 6c 61 6e
R15=0x0000019ee4c355d0 points into unknown readable memory: 0x6e616c2f6176616a | 6a 61 76 61 2f 6c 61 6e


Registers:
RAX=0x00007ffdc069d7d6, RBX=0x00007ffdfa5f5138, RCX=0x0000019ee5171df0, RDX=0x000000010005e490
RSP=0x00000010832fd480, RBP=0x00000010832fd710, RSI=0x00000010832fd5e0, RDI=0x0000000019930520
R8 =0x0000000400000002, R9 =0x0000000000000018, R10=0x00007ffd00000000, R11=0x0000f621148c474a
R12=0x0000000000009e35, R13=0x0000019ecbc29b90, R14=0x0000019ee4c355d0, R15=0x0000019ee4c355d0
RIP=0x00007ffe0ea0cf19, EFLAGS=0x0000000000000206

Top of Stack: (sp=0x00000010832fd480)
0x00000010832fd480:   00000002cba902b0 00007ffdfa5f5138
0x00000010832fd490:   00000010832fd5e0 0000000000000000
0x00000010832fd4a0:   00000001e06d7363 0000000000000000
0x00000010832fd4b0:   00007ffe0ea0cf19 0000019e00000004
0x00000010832fd4c0:   0000000019930520 00000010832fd5e0
0x00000010832fd4d0:   00007ffdfa5f5138 00007ffdfa5f0000
0x00000010832fd4e0:   0000019ecbc29b90 0000000000009e35
0x00000010832fd4f0:   00000010832fd5e0 00000010832fd710
0x00000010832fd500:   00000010832fd580 00007ffe11084a5f
0x00000010832fd510:   0000000019930520 0000001000000000
0x00000010832fd520:   0000000004fb5021 00007ffe110a07c0
0x00000010832fd530:   00007ffdfa5f7000 00007ffdfa5f0000
0x00000010832fd540:   0000a41cb98cf91f 00007ffe0ea30e7b
0x00000010832fd550:   00007ffdfa5f5138 00007ffdf9976220
0x00000010832fd560:   0000d9a237e2a228 0000000000000010
0x00000010832fd570:   0000000000000008 00007ffe0ed139ce 

Instructions: (pc=0x00007ffe0ea0cf19)
0x00007ffe0ea0ce19:   09 00 48 8b 84 24 b8 00 00 00 48 8b 8c 24 b0 05
0x00007ffe0ea0ce29:   00 00 48 33 cc e8 ed 86 06 00 48 81 c4 c0 05 00
0x00007ffe0ea0ce39:   00 41 5f 41 5e 41 5d 5e 5b c3 cc 48 ff 15 dd 7f
0x00007ffe0ea0ce49:   1b 00 0f 1f 44 00 00 eb b0 cc cc cc cc cc cc cc
0x00007ffe0ea0ce59:   cc cc cc cc cc cc cc 40 53 48 83 ec 30 48 8b d1
0x00007ffe0ea0ce69:   48 8d 4c 24 20 e8 5d 23 00 00 85 c0 74 26 48 8b
0x00007ffe0ea0ce79:   4c 24 28 e8 ef 38 00 00 48 8d 4c 24 20 8b d8 48
0x00007ffe0ea0ce89:   ff 15 e1 79 1b 00 0f 1f 44 00 00 8b c3 48 83 c4
0x00007ffe0ea0ce99:   30 5b c3 cc 83 c8 ff eb f4 cc cc cc cc cc cc cc
0x00007ffe0ea0cea9:   cc cc cc cc cc cc cc 48 81 ec d8 00 00 00 48 8b
0x00007ffe0ea0ceb9:   05 e2 9f 28 00 48 33 c4 48 89 84 24 c0 00 00 00
0x00007ffe0ea0cec9:   48 83 64 24 28 00 48 8d 05 da ff ff ff 83 e2 01
0x00007ffe0ea0ced9:   89 4c 24 20 89 54 24 24 48 89 44 24 30 4d 85 c9
0x00007ffe0ea0cee9:   74 4c b8 0f 00 00 00 48 8d 4c 24 40 44 3b c0 49
0x00007ffe0ea0cef9:   8b d1 44 0f 47 c0 44 89 44 24 38 49 c1 e0 03 e8
0x00007ffe0ea0cf09:   ea 91 08 00 48 8d 4c 24 20 48 ff 15 2f 81 1b 00
0x00007ffe0ea0cf19:   0f 1f 44 00 00 48 8b 8c 24 c0 00 00 00 48 33 cc
0x00007ffe0ea0cf29:   e8 f2 85 06 00 48 81 c4 d8 00 00 00 c3 cc 83 64
0x00007ffe0ea0cf39:   24 38 00 eb cf cc cc cc cc cc cc cc cc cc cc cc
0x00007ffe0ea0cf49:   cc cc cc cc cc cc cc 65 48 8b 04 25 30 00 00 00
0x00007ffe0ea0cf59:   8b 40 68 c3 cc cc cc cc cc cc cc cc cc cc cc cc
0x00007ffe0ea0cf69:   cc cc cc cc cc cc cc 48 89 5c 24 10 48 89 74 24
0x00007ffe0ea0cf79:   18 57 41 54 41 55 41 56 41 57 48 81 ec b0 02 00
0x00007ffe0ea0cf89:   00 48 8b 05 0f 9f 28 00 48 33 c4 48 89 84 24 a0
0x00007ffe0ea0cf99:   02 00 00 48 8d 15 3f e6 1b 00 48 85 c9 48 0f 45
0x00007ffe0ea0cfa9:   d1 48 89 94 24 80 00 00 00 48 83 c8 ff 48 ff c0
0x00007ffe0ea0cfb9:   80 3c 02 00 75 f7 48 ff c0 48 89 84 24 88 00 00
0x00007ffe0ea0cfc9:   00 48 89 94 24 90 00 00 00 4c 8d 8c 24 88 00 00
0x00007ffe0ea0cfd9:   00 33 d2 b9 06 00 01 40 44 8d 42 02 e8 c6 fe ff
0x00007ffe0ea0cfe9:   ff e9 f0 01 00 00 33 f6 48 89 74 24 60 45 33 ff
0x00007ffe0ea0cff9:   4c 89 7c 24 48 45 33 f6 4c 89 74 24 58 33 ff 48
0x00007ffe0ea0d009:   89 7c 24 50 e8 3e ff ff ff 89 44 24 40 48 39 35 


Stack slot to memory mapping:
stack at sp + 0 slots: 0x00000002cba902b0 is an unknown value
stack at sp + 1 slots: 0x00007ffdfa5f5138 jimage.dll
stack at sp + 2 slots: 0x00000010832fd5e0 is pointing into the stack for thread: 0x0000019ecbc296b0
stack at sp + 3 slots: 0x0 is NULL
stack at sp + 4 slots: 0x00000001e06d7363 is an unknown value
stack at sp + 5 slots: 0x0 is NULL
stack at sp + 6 slots: 0x00007ffe0ea0cf19 KERNELBASE.dll
stack at sp + 7 slots: 0x0000019e00000004 is an unknown value


---------------  P R O C E S S  ---------------

Threads class SMR info:
_java_thread_list=0x0000019ee4c32080, length=1, elements={
0x0000019ecbc296b0
}

Java Threads: ( => current thread )
=>0x0000019ecbc296b0 JavaThread "main" [_thread_in_vm, id=16656, stack(0x0000001083200000,0x0000001083300000)]

Other Threads:
  0x0000019ecbcfec20 VMThread "VM Thread" [stack: 0x0000001083800000,0x0000001083900000] [id=14580]
  0x0000019ecbc66dd0 GCTaskThread "GC Thread#0" [stack: 0x0000001083300000,0x0000001083400000] [id=11036]
  0x0000019ecbc70100 ConcurrentGCThread "G1 Main Marker" [stack: 0x0000001083400000,0x0000001083500000] [id=15036]
  0x0000019ecbc70a20 ConcurrentGCThread "G1 Conc#0" [stack: 0x0000001083500000,0x0000001083600000] [id=16300]
  0x0000019ecbcc0fd0 ConcurrentGCThread "G1 Refine#0" [stack: 0x0000001083600000,0x0000001083700000] [id=10076]
  0x0000019ecbcc1900 ConcurrentGCThread "G1 Service" [stack: 0x0000001083700000,0x0000001083800000] [id=3304]

Threads with active compile tasks:

VM state: not at safepoint (normal execution)

VM Mutex/Monitor currently owned by a thread: None

Heap address: 0x00000000c1600000, size: 1002 MB, Compressed Oops mode: 32-bit

CDS archive(s) not mapped
Compressed class space mapped at: 0x0000000100000000-0x0000000140000000, reserved size: 1073741824
Narrow klass base: 0x0000000000000000, Narrow klass shift: 3, Narrow klass range: 0x140000000

GC Precious Log:
 CPUs: 4 total, 4 available
 Memory: 4007M
 Large Page Support: Disabled
 NUMA Support: Disabled
 Compressed Oops: Enabled (32-bit)
 Heap Region Size: 1M
 Heap Min Capacity: 8M
 Heap Initial Capacity: 64M
 Heap Max Capacity: 1002M
 Pre-touch: Disabled
 Parallel Workers: 4
 Concurrent Workers: 1
 Concurrent Refinement Workers: 4
 Periodic GC: Disabled

Heap:
 garbage-first heap   total 65536K, used 0K [0x00000000c1600000, 0x0000000100000000)
  region size 1024K, 1 young (1024K), 0 survivors (0K)
 Metaspace       used 1630K, committed 1664K, reserved 1056768K
  class space    used 123K, committed 128K, reserved 1048576K

Heap Regions: E=young(eden), S=young(survivor), O=old, HS=humongous(starts), HC=humongous(continues), CS=collection set, F=free, OA=open archive, CA=closed archive, TAMS=top-at-mark-start (previous, next)
|   0|0x00000000c1600000, 0x00000000c1600000, 0x00000000c1700000|  0%| F|  |TAMS 0x00000000c1600000, 0x00000000c1600000| Untracked 
|   1|0x00000000c1700000, 0x00000000c1700000, 0x00000000c1800000|  0%| F|  |TAMS 0x00000000c1700000, 0x00000000c1700000| Untracked 
|   2|0x00000000c1800000, 0x00000000c1800000, 0x00000000c1900000|  0%| F|  |TAMS 0x00000000c1800000, 0x00000000c1800000| Untracked 
|   3|0x00000000c1900000, 0x00000000c1900000, 0x00000000c1a00000|  0%| F|  |TAMS 0x00000000c1900000, 0x00000000c1900000| Untracked 
|   4|0x00000000c1a00000, 0x00000000c1a00000, 0x00000000c1b00000|  0%| F|  |TAMS 0x00000000c1a00000, 0x00000000c1a00000| Untracked 
|   5|0x00000000c1b00000, 0x00000000c1b00000, 0x00000000c1c00000|  0%| F|  |TAMS 0x00000000c1b00000, 0x00000000c1b00000| Untracked 
|   6|0x00000000c1c00000, 0x00000000c1c00000, 0x00000000c1d00000|  0%| F|  |TAMS 0x00000000c1c00000, 0x00000000c1c00000| Untracked 
|   7|0x00000000c1d00000, 0x00000000c1d00000, 0x00000000c1e00000|  0%| F|  |TAMS 0x00000000c1d00000, 0x00000000c1d00000| Untracked 
|   8|0x00000000c1e00000, 0x00000000c1e00000, 0x00000000c1f00000|  0%| F|  |TAMS 0x00000000c1e00000, 0x00000000c1e00000| Untracked 
|   9|0x00000000c1f00000, 0x00000000c1f00000, 0x00000000c2000000|  0%| F|  |TAMS 0x00000000c1f00000, 0x00000000c1f00000| Untracked 
|  10|0x00000000c2000000, 0x00000000c2000000, 0x00000000c2100000|  0%| F|  |TAMS 0x00000000c2000000, 0x00000000c2000000| Untracked 
|  11|0x00000000c2100000, 0x00000000c2100000, 0x00000000c2200000|  0%| F|  |TAMS 0x00000000c2100000, 0x00000000c2100000| Untracked 
|  12|0x00000000c2200000, 0x00000000c2200000, 0x00000000c2300000|  0%| F|  |TAMS 0x00000000c2200000, 0x00000000c2200000| Untracked 
|  13|0x00000000c2300000, 0x00000000c2300000, 0x00000000c2400000|  0%| F|  |TAMS 0x00000000c2300000, 0x00000000c2300000| Untracked 
|  14|0x00000000c2400000, 0x00000000c2400000, 0x00000000c2500000|  0%| F|  |TAMS 0x00000000c2400000, 0x00000000c2400000| Untracked 
|  15|0x00000000c2500000, 0x00000000c2500000, 0x00000000c2600000|  0%| F|  |TAMS 0x00000000c2500000, 0x00000000c2500000| Untracked 
|  16|0x00000000c2600000, 0x00000000c2600000, 0x00000000c2700000|  0%| F|  |TAMS 0x00000000c2600000, 0x00000000c2600000| Untracked 
|  17|0x00000000c2700000, 0x00000000c2700000, 0x00000000c2800000|  0%| F|  |TAMS 0x00000000c2700000, 0x00000000c2700000| Untracked 
|  18|0x00000000c2800000, 0x00000000c2800000, 0x00000000c2900000|  0%| F|  |TAMS 0x00000000c2800000, 0x00000000c2800000| Untracked 
|  19|0x00000000c2900000, 0x00000000c2900000, 0x00000000c2a00000|  0%| F|  |TAMS 0x00000000c2900000, 0x00000000c2900000| Untracked 
|  20|0x00000000c2a00000, 0x00000000c2a00000, 0x00000000c2b00000|  0%| F|  |TAMS 0x00000000c2a00000, 0x00000000c2a00000| Untracked 
|  21|0x00000000c2b00000, 0x00000000c2b00000, 0x00000000c2c00000|  0%| F|  |TAMS 0x00000000c2b00000, 0x00000000c2b00000| Untracked 
|  22|0x00000000c2c00000, 0x00000000c2c00000, 0x00000000c2d00000|  0%| F|  |TAMS 0x00000000c2c00000, 0x00000000c2c00000| Untracked 
|  23|0x00000000c2d00000, 0x00000000c2d00000, 0x00000000c2e00000|  0%| F|  |TAMS 0x00000000c2d00000, 0x00000000c2d00000| Untracked 
|  24|0x00000000c2e00000, 0x00000000c2e00000, 0x00000000c2f00000|  0%| F|  |TAMS 0x00000000c2e00000, 0x00000000c2e00000| Untracked 
|  25|0x00000000c2f00000, 0x00000000c2f00000, 0x00000000c3000000|  0%| F|  |TAMS 0x00000000c2f00000, 0x00000000c2f00000| Untracked 
|  26|0x00000000c3000000, 0x00000000c3000000, 0x00000000c3100000|  0%| F|  |TAMS 0x00000000c3000000, 0x00000000c3000000| Untracked 
|  27|0x00000000c3100000, 0x00000000c3100000, 0x00000000c3200000|  0%| F|  |TAMS 0x00000000c3100000, 0x00000000c3100000| Untracked 
|  28|0x00000000c3200000, 0x00000000c3200000, 0x00000000c3300000|  0%| F|  |TAMS 0x00000000c3200000, 0x00000000c3200000| Untracked 
|  29|0x00000000c3300000, 0x00000000c3300000, 0x00000000c3400000|  0%| F|  |TAMS 0x00000000c3300000, 0x00000000c3300000| Untracked 
|  30|0x00000000c3400000, 0x00000000c3400000, 0x00000000c3500000|  0%| F|  |TAMS 0x00000000c3400000, 0x00000000c3400000| Untracked 
|  31|0x00000000c3500000, 0x00000000c3500000, 0x00000000c3600000|  0%| F|  |TAMS 0x00000000c3500000, 0x00000000c3500000| Untracked 
|  32|0x00000000c3600000, 0x00000000c3600000, 0x00000000c3700000|  0%| F|  |TAMS 0x00000000c3600000, 0x00000000c3600000| Untracked 
|  33|0x00000000c3700000, 0x00000000c3700000, 0x00000000c3800000|  0%| F|  |TAMS 0x00000000c3700000, 0x00000000c3700000| Untracked 
|  34|0x00000000c3800000, 0x00000000c3800000, 0x00000000c3900000|  0%| F|  |TAMS 0x00000000c3800000, 0x00000000c3800000| Untracked 
|  35|0x00000000c3900000, 0x00000000c3900000, 0x00000000c3a00000|  0%| F|  |TAMS 0x00000000c3900000, 0x00000000c3900000| Untracked 
|  36|0x00000000c3a00000, 0x00000000c3a00000, 0x00000000c3b00000|  0%| F|  |TAMS 0x00000000c3a00000, 0x00000000c3a00000| Untracked 
|  37|0x00000000c3b00000, 0x00000000c3b00000, 0x00000000c3c00000|  0%| F|  |TAMS 0x00000000c3b00000, 0x00000000c3b00000| Untracked 
|  38|0x00000000c3c00000, 0x00000000c3c00000, 0x00000000c3d00000|  0%| F|  |TAMS 0x00000000c3c00000, 0x00000000c3c00000| Untracked 
|  39|0x00000000c3d00000, 0x00000000c3d00000, 0x00000000c3e00000|  0%| F|  |TAMS 0x00000000c3d00000, 0x00000000c3d00000| Untracked 
|  40|0x00000000c3e00000, 0x00000000c3e00000, 0x00000000c3f00000|  0%| F|  |TAMS 0x00000000c3e00000, 0x00000000c3e00000| Untracked 
|  41|0x00000000c3f00000, 0x00000000c3f00000, 0x00000000c4000000|  0%| F|  |TAMS 0x00000000c3f00000, 0x00000000c3f00000| Untracked 
|  42|0x00000000c4000000, 0x00000000c4000000, 0x00000000c4100000|  0%| F|  |TAMS 0x00000000c4000000, 0x00000000c4000000| Untracked 
|  43|0x00000000c4100000, 0x00000000c4100000, 0x00000000c4200000|  0%| F|  |TAMS 0x00000000c4100000, 0x00000000c4100000| Untracked 
|  44|0x00000000c4200000, 0x00000000c4200000, 0x00000000c4300000|  0%| F|  |TAMS 0x00000000c4200000, 0x00000000c4200000| Untracked 
|  45|0x00000000c4300000, 0x00000000c4300000, 0x00000000c4400000|  0%| F|  |TAMS 0x00000000c4300000, 0x00000000c4300000| Untracked 
|  46|0x00000000c4400000, 0x00000000c4400000, 0x00000000c4500000|  0%| F|  |TAMS 0x00000000c4400000, 0x00000000c4400000| Untracked 
|  47|0x00000000c4500000, 0x00000000c4500000, 0x00000000c4600000|  0%| F|  |TAMS 0x00000000c4500000, 0x00000000c4500000| Untracked 
|  48|0x00000000c4600000, 0x00000000c4600000, 0x00000000c4700000|  0%| F|  |TAMS 0x00000000c4600000, 0x00000000c4600000| Untracked 
|  49|0x00000000c4700000, 0x00000000c4700000, 0x00000000c4800000|  0%| F|  |TAMS 0x00000000c4700000, 0x00000000c4700000| Untracked 
|  50|0x00000000c4800000, 0x00000000c4800000, 0x00000000c4900000|  0%| F|  |TAMS 0x00000000c4800000, 0x00000000c4800000| Untracked 
|  51|0x00000000c4900000, 0x00000000c4900000, 0x00000000c4a00000|  0%| F|  |TAMS 0x00000000c4900000, 0x00000000c4900000| Untracked 
|  52|0x00000000c4a00000, 0x00000000c4a00000, 0x00000000c4b00000|  0%| F|  |TAMS 0x00000000c4a00000, 0x00000000c4a00000| Untracked 
|  53|0x00000000c4b00000, 0x00000000c4b00000, 0x00000000c4c00000|  0%| F|  |TAMS 0x00000000c4b00000, 0x00000000c4b00000| Untracked 
|  54|0x00000000c4c00000, 0x00000000c4c00000, 0x00000000c4d00000|  0%| F|  |TAMS 0x00000000c4c00000, 0x00000000c4c00000| Untracked 
|  55|0x00000000c4d00000, 0x00000000c4d00000, 0x00000000c4e00000|  0%| F|  |TAMS 0x00000000c4d00000, 0x00000000c4d00000| Untracked 
|  56|0x00000000c4e00000, 0x00000000c4e00000, 0x00000000c4f00000|  0%| F|  |TAMS 0x00000000c4e00000, 0x00000000c4e00000| Untracked 
|  57|0x00000000c4f00000, 0x00000000c4f00000, 0x00000000c5000000|  0%| F|  |TAMS 0x00000000c4f00000, 0x00000000c4f00000| Untracked 
|  58|0x00000000c5000000, 0x00000000c5000000, 0x00000000c5100000|  0%| F|  |TAMS 0x00000000c5000000, 0x00000000c5000000| Untracked 
|  59|0x00000000c5100000, 0x00000000c5100000, 0x00000000c5200000|  0%| F|  |TAMS 0x00000000c5100000, 0x00000000c5100000| Untracked 
|  60|0x00000000c5200000, 0x00000000c5200000, 0x00000000c5300000|  0%| F|  |TAMS 0x00000000c5200000, 0x00000000c5200000| Untracked 
|  61|0x00000000c5300000, 0x00000000c5300000, 0x00000000c5400000|  0%| F|  |TAMS 0x00000000c5300000, 0x00000000c5300000| Untracked 
|  62|0x00000000c5400000, 0x00000000c5400000, 0x00000000c5500000|  0%| F|  |TAMS 0x00000000c5400000, 0x00000000c5400000| Untracked 
|  63|0x00000000c5500000, 0x00000000c5542960, 0x00000000c5600000| 26%| E|  |TAMS 0x00000000c5500000, 0x00000000c5500000| Complete 

Card table byte_map: [0x0000019ee0300000,0x0000019ee0500000] _byte_map_base: 0x0000019edfcf5000

Marking Bits (Prev, Next): (CMBitMap*) 0x0000019ecbc672f0, (CMBitMap*) 0x0000019ecbc67330
 Prev Bits: [0x0000019ee0700000, 0x0000019ee16a8000)
 Next Bits: [0x0000019ee16b0000, 0x0000019ee2658000)

Polling page: 0x0000019ed0aa0000

Metaspace:

Usage:
  Non-class:      1.47 MB used.
      Class:    123.27 KB used.
       Both:      1.59 MB used.

Virtual space:
  Non-class space:        8.00 MB reserved,       1.50 MB ( 19%) committed,  1 nodes.
      Class space:        1.00 GB reserved,     128.00 KB ( <1%) committed,  1 nodes.
             Both:        1.01 GB reserved,       1.62 MB ( <1%) committed. 

Chunk freelists:
   Non-Class:  0 bytes
       Class:  3.75 MB
        Both:  3.75 MB

MaxMetaspaceSize: unlimited
CompressedClassSpaceSize: 1.00 GB
Initial GC threshold: 21.00 MB
Current GC threshold: 17179869184.00 GB
CDS: off
MetaspaceReclaimPolicy: balanced
 - commit_granule_bytes: 65536.
 - commit_granule_words: 8192.
 - virtual_space_node_default_size: 1048576.
 - enlarge_chunks_in_place: 1.
 - new_chunks_are_fully_committed: 0.
 - uncommit_free_chunks: 1.
 - use_allocation_guard: 0.
 - handle_deallocations: 1.


Internal statistics:

num_allocs_failed_limit: 0.
num_arena_births: 2.
num_arena_deaths: 0.
num_vsnodes_births: 2.
num_vsnodes_deaths: 0.
num_space_committed: 26.
num_space_uncommitted: 0.
num_chunks_returned_to_freelist: 0.
num_chunks_taken_from_freelist: 3.
num_chunk_merges: 0.
num_chunk_splits: 1.
num_chunks_enlarged: 0.
num_purges: 0.
num_inconsistent_stats: 0.

CodeHeap 'non-profiled nmethods': size=120000Kb used=0Kb max_used=0Kb free=120000Kb
 bounds [0x0000019ed8590000, 0x0000019ed8800000, 0x0000019edfac0000]
CodeHeap 'profiled nmethods': size=120000Kb used=0Kb max_used=0Kb free=120000Kb
 bounds [0x0000019ed1060000, 0x0000019ed12d0000, 0x0000019ed8590000]
CodeHeap 'non-nmethods': size=5760Kb used=345Kb max_used=345Kb free=5414Kb
 bounds [0x0000019ed0ac0000, 0x0000019ed0d30000, 0x0000019ed1060000]
 total_blobs=126 nmethods=0 adapters=99
 compilation: enabled
              stopped_count=0, restarted_count=0
 full_count=0

Compilation events (0 events):
No events

GC Heap History (0 events):
No events

Dll operation events (1 events):
Event: 0.012 Loaded shared library C:\Users\claud\.p2\pool\plugins\org.eclipse.justj.openjdk.hotspot.jre.full.win32.x86_64_17.0.5.v20221102-0933\jre\bin\java.dll

Deoptimization events (0 events):
No events

Classes unloaded (0 events):
No events

Classes redefined (0 events):
No events

Internal exceptions (0 events):
No events

VM Operations (0 events):
No events

Events (20 events):
Event: 0.062 loading class jdk/internal/access/JavaLangReflectAccess
Event: 0.062 loading class jdk/internal/access/JavaLangReflectAccess done
Event: 0.062 loading class java/lang/reflect/ReflectAccess done
Event: 0.062 loading class jdk/internal/access/SharedSecrets
Event: 0.062 loading class jdk/internal/access/SharedSecrets done
Event: 0.062 loading class java/lang/invoke/MethodHandles
Event: 0.064 loading class java/lang/invoke/MethodHandles done
Event: 0.064 loading class java/lang/invoke/MemberName$Factory
Event: 0.064 loading class java/lang/invoke/MemberName$Factory done
Event: 0.064 loading class java/lang/reflect/ReflectPermission
Event: 0.064 loading class java/security/BasicPermission
Event: 0.064 loading class java/security/Permission
Event: 0.064 loading class java/security/Guard
Event: 0.064 loading class java/security/Guard done
Event: 0.064 loading class java/security/Permission done
Event: 0.064 loading class java/security/BasicPermission done
Event: 0.064 loading class java/lang/reflect/ReflectPermission done
Event: 0.065 loading class java/lang/StringLatin1
Event: 0.065 loading class java/lang/StringLatin1 done
Event: 0.065 loading class java/lang/invoke/MethodHandles$Lookup


Dynamic libraries:
0x00007ff6ed800000 - 0x00007ff6ed80e000 	C:\Users\claud\.p2\pool\plugins\org.eclipse.justj.openjdk.hotspot.jre.full.win32.x86_64_17.0.5.v20221102-0933\jre\bin\javaw.exe
0x00007ffe11050000 - 0x00007ffe11248000 	C:\Windows\SYSTEM32\ntdll.dll
0x00007ffe0f0b0000 - 0x00007ffe0f16f000 	C:\Windows\System32\KERNEL32.DLL
0x00007ffe0e9e0000 - 0x00007ffe0ecd6000 	C:\Windows\System32\KERNELBASE.dll
0x00007ffe0ed10000 - 0x00007ffe0ee10000 	C:\Windows\System32\ucrtbase.dll
0x00007ffdf9990000 - 0x00007ffdf99a7000 	C:\Users\claud\.p2\pool\plugins\org.eclipse.justj.openjdk.hotspot.jre.full.win32.x86_64_17.0.5.v20221102-0933\jre\bin\jli.dll
0x00007ffdf9970000 - 0x00007ffdf9989000 	C:\Users\claud\.p2\pool\plugins\org.eclipse.justj.openjdk.hotspot.jre.full.win32.x86_64_17.0.5.v20221102-0933\jre\bin\VCRUNTIME140.dll
0x00007ffe10900000 - 0x00007ffe10a9d000 	C:\Windows\System32\USER32.dll
0x00007ffe0ece0000 - 0x00007ffe0ed02000 	C:\Windows\System32\win32u.dll
0x00007ffe0f350000 - 0x00007ffe0f37c000 	C:\Windows\System32\GDI32.dll
0x00007ffe0e840000 - 0x00007ffe0e955000 	C:\Windows\System32\gdi32full.dll
0x00007ffe0e7a0000 - 0x00007ffe0e83d000 	C:\Windows\System32\msvcp_win.dll
0x00007ffdfa320000 - 0x00007ffdfa5ba000 	C:\Windows\WinSxS\amd64_microsoft.windows.common-controls_6595b64144ccf1df_6.0.19041.1110_none_60b5254171f9507e\COMCTL32.dll
0x00007ffe0fb30000 - 0x00007ffe0fbce000 	C:\Windows\System32\msvcrt.dll
0x00007ffe0f170000 - 0x00007ffe0f1a0000 	C:\Windows\System32\IMM32.DLL
0x00007ffe06400000 - 0x00007ffe0640c000 	C:\Users\claud\.p2\pool\plugins\org.eclipse.justj.openjdk.hotspot.jre.full.win32.x86_64_17.0.5.v20221102-0933\jre\bin\vcruntime140_1.dll
0x00007ffde9920000 - 0x00007ffde99b1000 	C:\Users\claud\.p2\pool\plugins\org.eclipse.justj.openjdk.hotspot.jre.full.win32.x86_64_17.0.5.v20221102-0933\jre\bin\msvcp140.dll
0x00007ffdc0330000 - 0x00007ffdc0f74000 	C:\Users\claud\.p2\pool\plugins\org.eclipse.justj.openjdk.hotspot.jre.full.win32.x86_64_17.0.5.v20221102-0933\jre\bin\server\jvm.dll
0x00007ffe10850000 - 0x00007ffe108ff000 	C:\Windows\System32\ADVAPI32.dll
0x00007ffe10040000 - 0x00007ffe100dc000 	C:\Windows\System32\sechost.dll
0x00007ffe0fa00000 - 0x00007ffe0fb26000 	C:\Windows\System32\RPCRT4.dll
0x00007ffdee590000 - 0x00007ffdee599000 	C:\Windows\SYSTEM32\WSOCK32.dll
0x00007ffe10be0000 - 0x00007ffe10c4b000 	C:\Windows\System32\WS2_32.dll
0x00007ffdf8e80000 - 0x00007ffdf8e8a000 	C:\Windows\SYSTEM32\VERSION.dll
0x00007ffdf7540000 - 0x00007ffdf7567000 	C:\Windows\SYSTEM32\WINMM.dll
0x00007ffe0c7b0000 - 0x00007ffe0c7c2000 	C:\Windows\SYSTEM32\kernel.appcore.dll
0x00007ffdfa5f0000 - 0x00007ffdfa5fa000 	C:\Users\claud\.p2\pool\plugins\org.eclipse.justj.openjdk.hotspot.jre.full.win32.x86_64_17.0.5.v20221102-0933\jre\bin\jimage.dll
0x00007ffe0c000000 - 0x00007ffe0c1e4000 	C:\Windows\SYSTEM32\DBGHELP.DLL
0x00007ffdf6f90000 - 0x00007ffdf6fc4000 	C:\Windows\SYSTEM32\dbgcore.DLL
0x00007ffe0ef70000 - 0x00007ffe0eff2000 	C:\Windows\System32\bcryptPrimitives.dll
0x00007ffde98f0000 - 0x00007ffde9915000 	C:\Users\claud\.p2\pool\plugins\org.eclipse.justj.openjdk.hotspot.jre.full.win32.x86_64_17.0.5.v20221102-0933\jre\bin\java.dll
0x00007ffdf3640000 - 0x00007ffdf3658000 	C:\Users\claud\.p2\pool\plugins\org.eclipse.justj.openjdk.hotspot.jre.full.win32.x86_64_17.0.5.v20221102-0933\jre\bin\zip.dll

dbghelp: loaded successfully - version: 4.0.5 - missing functions: none
symbol engine: initialized successfully - sym options: 0x614 - pdb path: .;C:\Users\claud\.p2\pool\plugins\org.eclipse.justj.openjdk.hotspot.jre.full.win32.x86_64_17.0.5.v20221102-0933\jre\bin;C:\Windows\SYSTEM32;C:\Windows\WinSxS\amd64_microsoft.windows.common-controls_6595b64144ccf1df_6.0.19041.1110_none_60b5254171f9507e;C:\Users\claud\.p2\pool\plugins\org.eclipse.justj.openjdk.hotspot.jre.full.win32.x86_64_17.0.5.v20221102-0933\jre\bin\server

VM Arguments:
jvm_args: -Dfile.encoding=UTF-8 -XX:+ShowCodeDetailsInExceptionMessages 
java_command: login.desktop.desktop
java_class_path (initial): C:\Users\claud\eclipse-workspace\login\bin
Launcher Type: SUN_STANDARD

[Global flags]
     intx CICompilerCount                          = 3                                         {product} {ergonomic}
     uint ConcGCThreads                            = 1                                         {product} {ergonomic}
     uint G1ConcRefinementThreads                  = 4                                         {product} {ergonomic}
   size_t G1HeapRegionSize                         = 1048576                                   {product} {ergonomic}
    uintx GCDrainStackTargetSize                   = 64                                        {product} {ergonomic}
   size_t InitialHeapSize                          = 67108864                                  {product} {ergonomic}
   size_t MarkStackSize                            = 4194304                                   {product} {ergonomic}
   size_t MaxHeapSize                              = 1050673152                                {product} {ergonomic}
   size_t MaxNewSize                               = 630194176                                 {product} {ergonomic}
   size_t MinHeapDeltaBytes                        = 1048576                                   {product} {ergonomic}
   size_t MinHeapSize                              = 8388608                                   {product} {ergonomic}
    uintx NonNMethodCodeHeapSize                   = 5832780                                {pd product} {ergonomic}
    uintx NonProfiledCodeHeapSize                  = 122912730                              {pd product} {ergonomic}
    uintx ProfiledCodeHeapSize                     = 122912730                              {pd product} {ergonomic}
    uintx ReservedCodeCacheSize                    = 251658240                              {pd product} {ergonomic}
     bool SegmentedCodeCache                       = true                                      {product} {ergonomic}
     bool ShowCodeDetailsInExceptionMessages       = true                                   {manageable} {command line}
   size_t SoftMaxHeapSize                          = 1050673152                             {manageable} {ergonomic}
     bool UseCompressedClassPointers               = true                           {product lp64_product} {ergonomic}
     bool UseCompressedOops                        = true                           {product lp64_product} {ergonomic}
     bool UseG1GC                                  = true                                      {product} {ergonomic}
     bool UseLargePagesIndividualAllocation        = false                                  {pd product} {ergonomic}

Logging:
Log output configuration:
 #0: stdout all=warning uptime,level,tags
 #1: stderr all=off uptime,level,tags

Environment Variables:
PATH=C:/Program Files/Java/jdk-19/bin/server;C:/Program Files/Java/jdk-19/bin;C:\Program Files\Common Files\Oracle\Java\javapath;C:\Program Files (x86)\Intel\Intel(R) Management Engine Components\iCLS\;C:\Program Files\Intel\Intel(R) Management Engine Components\iCLS\;C:\Windows\system32;C:\Windows;C:\Windows\System32\Wbem;C:\Windows\System32\WindowsPowerShell\v1.0\;C:\Windows\System32\OpenSSH\;C:\Program Files (x86)\Intel\Intel(R) Management Engine Components\DAL;C:\Program Files\Intel\Intel(R) Management Engine Components\DAL;C:\ProgramData\UNIVALI\Portugol Studio;C:\Program Files\Git\cmd;C:\Program Files (x86)\Microsoft SQL Server\160\Tools\Binn\;C:\Program Files\Microsoft SQL Server\160\Tools\Binn\;C:\Program Files\Microsoft SQL Server\Client SDK\ODBC\170\Tools\Binn\;C:\Program Files\Microsoft SQL Server\160\DTS\Binn\;C:\Program Files (x86)\Microsoft SQL Server\160\DTS\Binn\;C:\Program Files\MySQL\MySQL Shell 8.0\bin\;C:\Users\claud\AppData\Local\Microsoft\WindowsApps;;C:\Users\claud\AppData\Local\Programs\Microsoft VS Code\bin;C:\Program Files\Azure Data Studio\bin;C:\Windows\system32;
USERNAME=claud
OS=Windows_NT
PROCESSOR_IDENTIFIER=Intel64 Family 6 Model 142 Stepping 10, GenuineIntel
TMP=C:\Users\claud\AppData\Local\Temp
TEMP=C:\Users\claud\AppData\Local\Temp



---------------  S Y S T E M  ---------------

OS:
 Windows 10 , 64 bit Build 19041 (10.0.19041.3155)
OS uptime: 1 days 20:33 hours

CPU: total 4 (initial active 4) (2 cores per cpu, 2 threads per core) family 6 model 142 stepping 10 microcode 0xb4, cx8, cmov, fxsr, ht, mmx, 3dnowpref, sse, sse2, sse3, ssse3, sse4.1, sse4.2, popcnt, lzcnt, tsc, tscinvbit, avx, avx2, aes, erms, clmul, bmi1, bmi2, adx, fma, vzeroupper, clflush, clflushopt

Memory: 4k page, system-wide physical 4007M (205M free)
TotalPageFile size 16295M (AvailPageFile size 2M)
current process WorkingSet (physical memory assigned to process): 17M, peak: 17M
current process commit charge ("private bytes"): 121M, peak: 121M

vm_info: OpenJDK 64-Bit Server VM (17.0.5+8) for windows-amd64 JRE (17.0.5+8), built on Oct 19 2022 04:48:13 by "temurin" with MS VC++ 16.7 (VS2019)

END.
