#
# There is insufficient memory for the Java Runtime Environment to continue.
# Native memory allocation (malloc) failed to allocate 32744 bytes for ChunkPool::allocate
# Possible reasons:
#   The system is out of physical RAM or swap space
#   The process is running with CompressedOops enabled, and the Java Heap may be blocking the growth of the native heap
# Possible solutions:
#   Reduce memory load on the system
#   Increase physical memory or swap space
#   Check if swap backing store is full
#   Decrease Java heap size (-Xmx/-Xms)
#   Decrease number of Java threads
#   Decrease Java thread stack sizes (-Xss)
#   Set larger code cache with -XX:ReservedCodeCacheSize=
#   JVM is running with Unscaled Compressed Oops mode in which the Java heap is
#     placed in the first 4GB address space. The Java Heap base address is the
#     maximum limit for the native heap growth. Please use -XX:HeapBaseMinAddress
#     to set the Java Heap base and to place the Java Heap above 4GB virtual address.
# This output file may be truncated or incomplete.
#
#  Out of Memory Error (arena.cpp:78), pid=17188, tid=8584
#
# JRE version: OpenJDK Runtime Environment Temurin-17.0.5+8 (17.0.5+8) (build 17.0.5+8)
# Java VM: OpenJDK 64-Bit Server VM Temurin-17.0.5+8 (17.0.5+8, mixed mode, tiered, compressed oops, compressed class ptrs, g1 gc, windows-amd64)
# No core dump will be written. Minidumps are not enabled by default on client versions of Windows
#

---------------  S U M M A R Y ------------

Command Line: -Dfile.encoding=UTF-8 -XX:+ShowCodeDetailsInExceptionMessages login.desktop.desktop

Host: Intel(R) Core(TM) i3-7020U CPU @ 2.30GHz, 4 cores, 3G,  Windows 10 , 64 bit Build 19041 (10.0.19041.3155)
Time: Fri Sep  8 23:14:35 2023 Hora oficial do Brasil elapsed time: 3.721339 seconds (0d 0h 0m 3s)

---------------  T H R E A D  ---------------

Current thread (0x000001b7fe8a06c0):  JavaThread "C2 CompilerThread0" daemon [_thread_in_native, id=8584, stack(0x000000b06f300000,0x000000b06f400000)]


Current CompileTask:
C2:   3721  938   !   4       sun.awt.AppContext::get (123 bytes)

Stack: [0x000000b06f300000,0x000000b06f400000]
Native frames: (J=compiled Java code, j=interpreted, Vv=VM code, C=native code)
V  [jvm.dll+0x676b3a]
V  [jvm.dll+0x831444]
V  [jvm.dll+0x832bee]
V  [jvm.dll+0x833253]
V  [jvm.dll+0x244ce5]
V  [jvm.dll+0xabdcc]
V  [jvm.dll+0xac17c]
V  [jvm.dll+0x7923f4]
V  [jvm.dll+0x57dec5]
V  [jvm.dll+0x21fd72]
V  [jvm.dll+0x22014f]
V  [jvm.dll+0x2199a5]
V  [jvm.dll+0x216e6b]
V  [jvm.dll+0x1a343d]
V  [jvm.dll+0x22698a]
V  [jvm.dll+0x224ac5]
V  [jvm.dll+0x7e727b]
V  [jvm.dll+0x7e17ea]
V  [jvm.dll+0x6759e5]
C  [ucrtbase.dll+0x21bb2]
C  [KERNEL32.DLL+0x17614]
C  [ntdll.dll+0x526b1]


---------------  P R O C E S S  ---------------

Threads class SMR info:
_java_thread_list=0x000001b7ffbf7ee0, length=18, elements={
0x000001b7fe85a2a0, 0x000001b7fe85f1d0, 0x000001b7fe8902a0, 0x000001b7fe892510,
0x000001b7fe895580, 0x000001b7fe89eb90, 0x000001b7fe8a06c0, 0x000001b7fe8a7830,
0x000001b7fe8b38c0, 0x000001b7ff52e8d0, 0x000001b7ff544ec0, 0x000001b7ff845f00,
0x000001b7ff848e90, 0x000001b7ff84de30, 0x000001b7ff89d160, 0x000001b7f68ab6b0,
0x000001b7ff9d32e0, 0x000001b7ff9d37b0
}

Java Threads: ( => current thread )
  0x000001b7fe85a2a0 JavaThread "Reference Handler" daemon [_thread_blocked, id=16564, stack(0x000000b06ed00000,0x000000b06ee00000)]
  0x000001b7fe85f1d0 JavaThread "Finalizer" daemon [_thread_blocked, id=9608, stack(0x000000b06ee00000,0x000000b06ef00000)]
  0x000001b7fe8902a0 JavaThread "Signal Dispatcher" daemon [_thread_blocked, id=13844, stack(0x000000b06ef00000,0x000000b06f000000)]
  0x000001b7fe892510 JavaThread "Attach Listener" daemon [_thread_blocked, id=5348, stack(0x000000b06f000000,0x000000b06f100000)]
  0x000001b7fe895580 JavaThread "Service Thread" daemon [_thread_blocked, id=10596, stack(0x000000b06f100000,0x000000b06f200000)]
  0x000001b7fe89eb90 JavaThread "Monitor Deflation Thread" daemon [_thread_blocked, id=6580, stack(0x000000b06f200000,0x000000b06f300000)]
=>0x000001b7fe8a06c0 JavaThread "C2 CompilerThread0" daemon [_thread_in_native, id=8584, stack(0x000000b06f300000,0x000000b06f400000)]
  0x000001b7fe8a7830 JavaThread "C1 CompilerThread0" daemon [_thread_in_native, id=12316, stack(0x000000b06f400000,0x000000b06f500000)]
  0x000001b7fe8b38c0 JavaThread "Sweeper thread" daemon [_thread_blocked, id=9428, stack(0x000000b06f500000,0x000000b06f600000)]
  0x000001b7ff52e8d0 JavaThread "Notification Thread" daemon [_thread_blocked, id=5768, stack(0x000000b06f600000,0x000000b06f700000)]
  0x000001b7ff544ec0 JavaThread "Common-Cleaner" daemon [_thread_blocked, id=13996, stack(0x000000b06f800000,0x000000b06f900000)]
  0x000001b7ff845f00 JavaThread "Java2D Disposer" daemon [_thread_blocked, id=14440, stack(0x000000b06f900000,0x000000b06fa00000)]
  0x000001b7ff848e90 JavaThread "AWT-Shutdown" [_thread_blocked, id=11436, stack(0x000000b06fa00000,0x000000b06fb00000)]
  0x000001b7ff84de30 JavaThread "AWT-Windows" daemon [_thread_in_native, id=1160, stack(0x000000b06fb00000,0x000000b06fc00000)]
  0x000001b7ff89d160 JavaThread "AWT-EventQueue-0" [_thread_in_vm, id=15560, stack(0x000000b06fc00000,0x000000b06fd00000)]
  0x000001b7f68ab6b0 JavaThread "DestroyJavaVM" [_thread_blocked, id=10872, stack(0x000000b06e600000,0x000000b06e700000)]
  0x000001b7ff9d32e0 JavaThread "TimerQueue" daemon [_thread_in_vm, id=13632, stack(0x000000b070000000,0x000000b070100000)]
  0x000001b7ff9d37b0 JavaThread "mysql-cj-abandoned-connection-cleanup" daemon [_thread_blocked, id=15432, stack(0x000000b070100000,0x000000b070200000)]

Other Threads:
  0x000001b7f697e7d0 VMThread "VM Thread" [stack: 0x000000b06ec00000,0x000000b06ed00000] [id=11176]
  0x000001b7f68f79d0 WatcherThread [stack: 0x000000b06f700000,0x000000b06f800000] [id=4888]
  0x000001b7f68e7a60 GCTaskThread "GC Thread#0" [stack: 0x000000b06e700000,0x000000b06e800000] [id=14292]
  0x000001b7f68f0d90 ConcurrentGCThread "G1 Main Marker" [stack: 0x000000b06e800000,0x000000b06e900000] [id=1424]
  0x000001b7f68f16b0 ConcurrentGCThread "G1 Conc#0" [stack: 0x000000b06e900000,0x000000b06ea00000] [id=15844]
  0x000001b7f6940e60 ConcurrentGCThread "G1 Refine#0" [stack: 0x000000b06ea00000,0x000000b06eb00000] [id=7524]
  0x000001b7f6941790 ConcurrentGCThread "G1 Service" [stack: 0x000000b06eb00000,0x000000b06ec00000] [id=15752]

Threads with active compile tasks:
C2 CompilerThread0     4802  938   !   4       sun.awt.AppContext::get (123 bytes)
C1 CompilerThread0     4802  935   !   3       java.awt.DefaultKeyboardFocusManager::dispatchEvent (1621 bytes)

VM state: not at safepoint (normal execution)

VM Mutex/Monitor currently owned by a thread:  ([mutex/lock_event])
[0x000001b7f68a51e0] Metaspace_lock - owner thread: 0x000001b7ff89d160

Heap address: 0x00000000c1600000, size: 1002 MB, Compressed Oops mode: 32-bit

CDS archive(s) not mapped
Compressed class space mapped at: 0x0000000100000000-0x0000000140000000, reserved size: 1073741824
Narrow klass base: 0x0000000000000000, Narrow klass shift: 3, Narrow klass range: 0x140000000

GC Precious Log:
 CPUs: 4 total, 4 available
 Memory: 4007M
 Large Page Support: Disabled
 NUMA Support: Disabled
 Compressed Oops: Enabled (32-bit)
 Heap Region Size: 1M
 Heap Min Capacity: 8M
 Heap Initial Capacity: 64M
 Heap Max Capacity: 1002M
 Pre-touch: Disabled
 Parallel Workers: 4
 Concurrent Workers: 1
 Concurrent Refinement Workers: 4
 Periodic GC: Disabled

Heap:
 garbage-first heap   total 65536K, used 8192K [0x00000000c1600000, 0x0000000100000000)
  region size 1024K, 8 young (8192K), 0 survivors (0K)
 Metaspace       used 15511K, committed 15680K, reserved 1064960K
  class space    used 1584K, committed 1664K, reserved 1048576K

Heap Regions: E=young(eden), S=young(survivor), O=old, HS=humongous(starts), HC=humongous(continues), CS=collection set, F=free, OA=open archive, CA=closed archive, TAMS=top-at-mark-start (previous, next)
|   0|0x00000000c1600000, 0x00000000c1700000, 0x00000000c1700000|100%|HS|  |TAMS 0x00000000c1600000, 0x00000000c1600000| Complete 
|   1|0x00000000c1700000, 0x00000000c1700000, 0x00000000c1800000|  0%| F|  |TAMS 0x00000000c1700000, 0x00000000c1700000| Untracked 
|   2|0x00000000c1800000, 0x00000000c1800000, 0x00000000c1900000|  0%| F|  |TAMS 0x00000000c1800000, 0x00000000c1800000| Untracked 
|   3|0x00000000c1900000, 0x00000000c1900000, 0x00000000c1a00000|  0%| F|  |TAMS 0x00000000c1900000, 0x00000000c1900000| Untracked 
|   4|0x00000000c1a00000, 0x00000000c1a00000, 0x00000000c1b00000|  0%| F|  |TAMS 0x00000000c1a00000, 0x00000000c1a00000| Untracked 
|   5|0x00000000c1b00000, 0x00000000c1b00000, 0x00000000c1c00000|  0%| F|  |TAMS 0x00000000c1b00000, 0x00000000c1b00000| Untracked 
|   6|0x00000000c1c00000, 0x00000000c1c00000, 0x00000000c1d00000|  0%| F|  |TAMS 0x00000000c1c00000, 0x00000000c1c00000| Untracked 
|   7|0x00000000c1d00000, 0x00000000c1d00000, 0x00000000c1e00000|  0%| F|  |TAMS 0x00000000c1d00000, 0x00000000c1d00000| Untracked 
|   8|0x00000000c1e00000, 0x00000000c1e00000, 0x00000000c1f00000|  0%| F|  |TAMS 0x00000000c1e00000, 0x00000000c1e00000| Untracked 
|   9|0x00000000c1f00000, 0x00000000c1f00000, 0x00000000c2000000|  0%| F|  |TAMS 0x00000000c1f00000, 0x00000000c1f00000| Untracked 
|  10|0x00000000c2000000, 0x00000000c2000000, 0x00000000c2100000|  0%| F|  |TAMS 0x00000000c2000000, 0x00000000c2000000| Untracked 
|  11|0x00000000c2100000, 0x00000000c2100000, 0x00000000c2200000|  0%| F|  |TAMS 0x00000000c2100000, 0x00000000c2100000| Untracked 
|  12|0x00000000c2200000, 0x00000000c2200000, 0x00000000c2300000|  0%| F|  |TAMS 0x00000000c2200000, 0x00000000c2200000| Untracked 
|  13|0x00000000c2300000, 0x00000000c2300000, 0x00000000c2400000|  0%| F|  |TAMS 0x00000000c2300000, 0x00000000c2300000| Untracked 
|  14|0x00000000c2400000, 0x00000000c2400000, 0x00000000c2500000|  0%| F|  |TAMS 0x00000000c2400000, 0x00000000c2400000| Untracked 
|  15|0x00000000c2500000, 0x00000000c2500000, 0x00000000c2600000|  0%| F|  |TAMS 0x00000000c2500000, 0x00000000c2500000| Untracked 
|  16|0x00000000c2600000, 0x00000000c2600000, 0x00000000c2700000|  0%| F|  |TAMS 0x00000000c2600000, 0x00000000c2600000| Untracked 
|  17|0x00000000c2700000, 0x00000000c2700000, 0x00000000c2800000|  0%| F|  |TAMS 0x00000000c2700000, 0x00000000c2700000| Untracked 
|  18|0x00000000c2800000, 0x00000000c2800000, 0x00000000c2900000|  0%| F|  |TAMS 0x00000000c2800000, 0x00000000c2800000| Untracked 
|  19|0x00000000c2900000, 0x00000000c2900000, 0x00000000c2a00000|  0%| F|  |TAMS 0x00000000c2900000, 0x00000000c2900000| Untracked 
|  20|0x00000000c2a00000, 0x00000000c2a00000, 0x00000000c2b00000|  0%| F|  |TAMS 0x00000000c2a00000, 0x00000000c2a00000| Untracked 
|  21|0x00000000c2b00000, 0x00000000c2b00000, 0x00000000c2c00000|  0%| F|  |TAMS 0x00000000c2b00000, 0x00000000c2b00000| Untracked 
|  22|0x00000000c2c00000, 0x00000000c2c00000, 0x00000000c2d00000|  0%| F|  |TAMS 0x00000000c2c00000, 0x00000000c2c00000| Untracked 
|  23|0x00000000c2d00000, 0x00000000c2d00000, 0x00000000c2e00000|  0%| F|  |TAMS 0x00000000c2d00000, 0x00000000c2d00000| Untracked 
|  24|0x00000000c2e00000, 0x00000000c2e00000, 0x00000000c2f00000|  0%| F|  |TAMS 0x00000000c2e00000, 0x00000000c2e00000| Untracked 
|  25|0x00000000c2f00000, 0x00000000c2f00000, 0x00000000c3000000|  0%| F|  |TAMS 0x00000000c2f00000, 0x00000000c2f00000| Untracked 
|  26|0x00000000c3000000, 0x00000000c3000000, 0x00000000c3100000|  0%| F|  |TAMS 0x00000000c3000000, 0x00000000c3000000| Untracked 
|  27|0x00000000c3100000, 0x00000000c3100000, 0x00000000c3200000|  0%| F|  |TAMS 0x00000000c3100000, 0x00000000c3100000| Untracked 
|  28|0x00000000c3200000, 0x00000000c3200000, 0x00000000c3300000|  0%| F|  |TAMS 0x00000000c3200000, 0x00000000c3200000| Untracked 
|  29|0x00000000c3300000, 0x00000000c3300000, 0x00000000c3400000|  0%| F|  |TAMS 0x00000000c3300000, 0x00000000c3300000| Untracked 
|  30|0x00000000c3400000, 0x00000000c3400000, 0x00000000c3500000|  0%| F|  |TAMS 0x00000000c3400000, 0x00000000c3400000| Untracked 
|  31|0x00000000c3500000, 0x00000000c3500000, 0x00000000c3600000|  0%| F|  |TAMS 0x00000000c3500000, 0x00000000c3500000| Untracked 
|  32|0x00000000c3600000, 0x00000000c3600000, 0x00000000c3700000|  0%| F|  |TAMS 0x00000000c3600000, 0x00000000c3600000| Untracked 
|  33|0x00000000c3700000, 0x00000000c3700000, 0x00000000c3800000|  0%| F|  |TAMS 0x00000000c3700000, 0x00000000c3700000| Untracked 
|  34|0x00000000c3800000, 0x00000000c3800000, 0x00000000c3900000|  0%| F|  |TAMS 0x00000000c3800000, 0x00000000c3800000| Untracked 
|  35|0x00000000c3900000, 0x00000000c3900000, 0x00000000c3a00000|  0%| F|  |TAMS 0x00000000c3900000, 0x00000000c3900000| Untracked 
|  36|0x00000000c3a00000, 0x00000000c3a00000, 0x00000000c3b00000|  0%| F|  |TAMS 0x00000000c3a00000, 0x00000000c3a00000| Untracked 
|  37|0x00000000c3b00000, 0x00000000c3b00000, 0x00000000c3c00000|  0%| F|  |TAMS 0x00000000c3b00000, 0x00000000c3b00000| Untracked 
|  38|0x00000000c3c00000, 0x00000000c3c00000, 0x00000000c3d00000|  0%| F|  |TAMS 0x00000000c3c00000, 0x00000000c3c00000| Untracked 
|  39|0x00000000c3d00000, 0x00000000c3d00000, 0x00000000c3e00000|  0%| F|  |TAMS 0x00000000c3d00000, 0x00000000c3d00000| Untracked 
|  40|0x00000000c3e00000, 0x00000000c3e00000, 0x00000000c3f00000|  0%| F|  |TAMS 0x00000000c3e00000, 0x00000000c3e00000| Untracked 
|  41|0x00000000c3f00000, 0x00000000c3f00000, 0x00000000c4000000|  0%| F|  |TAMS 0x00000000c3f00000, 0x00000000c3f00000| Untracked 
|  42|0x00000000c4000000, 0x00000000c4000000, 0x00000000c4100000|  0%| F|  |TAMS 0x00000000c4000000, 0x00000000c4000000| Untracked 
|  43|0x00000000c4100000, 0x00000000c4100000, 0x00000000c4200000|  0%| F|  |TAMS 0x00000000c4100000, 0x00000000c4100000| Untracked 
|  44|0x00000000c4200000, 0x00000000c4200000, 0x00000000c4300000|  0%| F|  |TAMS 0x00000000c4200000, 0x00000000c4200000| Untracked 
|  45|0x00000000c4300000, 0x00000000c4300000, 0x00000000c4400000|  0%| F|  |TAMS 0x00000000c4300000, 0x00000000c4300000| Untracked 
|  46|0x00000000c4400000, 0x00000000c4400000, 0x00000000c4500000|  0%| F|  |TAMS 0x00000000c4400000, 0x00000000c4400000| Untracked 
|  47|0x00000000c4500000, 0x00000000c4500000, 0x00000000c4600000|  0%| F|  |TAMS 0x00000000c4500000, 0x00000000c4500000| Untracked 
|  48|0x00000000c4600000, 0x00000000c4600000, 0x00000000c4700000|  0%| F|  |TAMS 0x00000000c4600000, 0x00000000c4600000| Untracked 
|  49|0x00000000c4700000, 0x00000000c4700000, 0x00000000c4800000|  0%| F|  |TAMS 0x00000000c4700000, 0x00000000c4700000| Untracked 
|  50|0x00000000c4800000, 0x00000000c4800000, 0x00000000c4900000|  0%| F|  |TAMS 0x00000000c4800000, 0x00000000c4800000| Untracked 
|  51|0x00000000c4900000, 0x00000000c4900000, 0x00000000c4a00000|  0%| F|  |TAMS 0x00000000c4900000, 0x00000000c4900000| Untracked 
|  52|0x00000000c4a00000, 0x00000000c4a00000, 0x00000000c4b00000|  0%| F|  |TAMS 0x00000000c4a00000, 0x00000000c4a00000| Untracked 
|  53|0x00000000c4b00000, 0x00000000c4b00000, 0x00000000c4c00000|  0%| F|  |TAMS 0x00000000c4b00000, 0x00000000c4b00000| Untracked 
|  54|0x00000000c4c00000, 0x00000000c4c00000, 0x00000000c4d00000|  0%| F|  |TAMS 0x00000000c4c00000, 0x00000000c4c00000| Untracked 
|  55|0x00000000c4d00000, 0x00000000c4d00000, 0x00000000c4e00000|  0%| F|  |TAMS 0x00000000c4d00000, 0x00000000c4d00000| Untracked 
|  56|0x00000000c4e00000, 0x00000000c4e43360, 0x00000000c4f00000| 26%| E|  |TAMS 0x00000000c4e00000, 0x00000000c4e00000| Complete 
|  57|0x00000000c4f00000, 0x00000000c5000000, 0x00000000c5000000|100%| E|CS|TAMS 0x00000000c4f00000, 0x00000000c4f00000| Complete 
|  58|0x00000000c5000000, 0x00000000c5100000, 0x00000000c5100000|100%| E|CS|TAMS 0x00000000c5000000, 0x00000000c5000000| Complete 
|  59|0x00000000c5100000, 0x00000000c5200000, 0x00000000c5200000|100%| E|CS|TAMS 0x00000000c5100000, 0x00000000c5100000| Complete 
|  60|0x00000000c5200000, 0x00000000c5300000, 0x00000000c5300000|100%| E|CS|TAMS 0x00000000c5200000, 0x00000000c5200000| Complete 
|  61|0x00000000c5300000, 0x00000000c5400000, 0x00000000c5400000|100%| E|CS|TAMS 0x00000000c5300000, 0x00000000c5300000| Complete 
|  62|0x00000000c5400000, 0x00000000c5500000, 0x00000000c5500000|100%| E|CS|TAMS 0x00000000c5400000, 0x00000000c5400000| Complete 
|  63|0x00000000c5500000, 0x00000000c5600000, 0x00000000c5600000|100%| E|CS|TAMS 0x00000000c5500000, 0x00000000c5500000| Complete 

Card table byte_map: [0x000001b7fbf40000,0x000001b7fc140000] _byte_map_base: 0x000001b7fb935000

Marking Bits (Prev, Next): (CMBitMap*) 0x000001b7f68e7f80, (CMBitMap*) 0x000001b7f68e7fc0
 Prev Bits: [0x000001b7fc340000, 0x000001b7fd2e8000)
 Next Bits: [0x000001b7fd2f0000, 0x000001b7fe298000)

Polling page: 0x000001b7f6710000

Metaspace:

Usage:
  Non-class:     13.60 MB used.
      Class:      1.55 MB used.
       Both:     15.15 MB used.

Virtual space:
  Non-class space:       16.00 MB reserved,      13.69 MB ( 86%) committed,  2 nodes.
      Class space:        1.00 GB reserved,       1.62 MB ( <1%) committed,  1 nodes.
             Both:        1.02 GB reserved,      15.31 MB (  1%) committed. 

Chunk freelists:
   Non-Class:  2.22 MB
       Class:  2.22 MB
        Both:  4.45 MB

MaxMetaspaceSize: unlimited
CompressedClassSpaceSize: 1.00 GB
Initial GC threshold: 21.00 MB
Current GC threshold: 21.00 MB
CDS: off
MetaspaceReclaimPolicy: balanced
 - commit_granule_bytes: 65536.
 - commit_granule_words: 8192.
 - virtual_space_node_default_size: 1048576.
 - enlarge_chunks_in_place: 1.
 - new_chunks_are_fully_committed: 0.
 - uncommit_free_chunks: 1.
 - use_allocation_guard: 0.
 - handle_deallocations: 1.


Internal statistics:

num_allocs_failed_limit: 0.
num_arena_births: 122.
num_arena_deaths: 0.
num_vsnodes_births: 3.
num_vsnodes_deaths: 0.
num_space_committed: 245.
num_space_uncommitted: 0.
num_chunks_returned_to_freelist: 0.
num_chunks_taken_from_freelist: 207.
num_chunk_merges: 0.
num_chunk_splits: 110.
num_chunks_enlarged: 59.
num_purges: 0.
num_inconsistent_stats: 0.

CodeHeap 'non-profiled nmethods': size=120000Kb used=234Kb max_used=234Kb free=119766Kb
 bounds [0x000001b787ad0000, 0x000001b787d40000, 0x000001b78f000000]
CodeHeap 'profiled nmethods': size=120000Kb used=1409Kb max_used=1409Kb free=118590Kb
 bounds [0x000001b7805a0000, 0x000001b780810000, 0x000001b787ad0000]
CodeHeap 'non-nmethods': size=5760Kb used=1273Kb max_used=1282Kb free=4486Kb
 bounds [0x000001b780000000, 0x000001b780270000, 0x000001b7805a0000]
 total_blobs=1541 nmethods=939 adapters=515
 compilation: enabled
              stopped_count=0, restarted_count=0
 full_count=0

Compilation events (20 events):
Event: 3.604 Thread 0x000001b7fe8a7830  926       3       sun.swing.SwingUtilities2::getFRCFromCache (128 bytes)
Event: 3.605 Thread 0x000001b7fe8a7830 nmethod 926 0x000001b7806fc790 code [0x000001b7806fca00, 0x000001b7806fd5a8]
Event: 3.605 Thread 0x000001b7fe8a7830  927       3       sun.swing.SwingUtilities2$KeyPair::<init> (15 bytes)
Event: 3.605 Thread 0x000001b7fe8a7830 nmethod 927 0x000001b7806fd910 code [0x000001b7806fdac0, 0x000001b7806fdcd8]
Event: 3.605 Thread 0x000001b7fe8a7830  928       3       sun.swing.SwingUtilities2$KeyPair::equals (48 bytes)
Event: 3.606 Thread 0x000001b7fe8a7830 nmethod 928 0x000001b7806fdd90 code [0x000001b7806fdf60, 0x000001b7806fe4d8]
Event: 3.606 Thread 0x000001b7fe8a7830  929       3       sun.awt.SunHints$Value::equals (11 bytes)
Event: 3.606 Thread 0x000001b7fe8a7830 nmethod 929 0x000001b7806fe610 code [0x000001b7806fe7a0, 0x000001b7806fe918]
Event: 3.681 Thread 0x000001b7fe8a7830  930   !   3       sun.awt.AWTAutoShutdown::getPeer (43 bytes)
Event: 3.681 Thread 0x000001b7fe8a7830 nmethod 930 0x000001b7806fe990 code [0x000001b7806feb40, 0x000001b7806feee8]
Event: 3.681 Thread 0x000001b7fe8a7830  931       3       java.awt.KeyboardFocusManager::checkKFMSecurity (11 bytes)
Event: 3.682 Thread 0x000001b7fe8a7830 nmethod 931 0x000001b7806ff110 code [0x000001b7806ff320, 0x000001b7806ff8b8]
Event: 3.688 Thread 0x000001b7fe8a7830  932   !   3       java.awt.Container::findComponentAt (42 bytes)
Event: 3.689 Thread 0x000001b7fe8a7830 nmethod 932 0x000001b7806ffa90 code [0x000001b7806ffc60, 0x000001b780700078]
Event: 3.702 Thread 0x000001b7fe8a7830  933       1       java.awt.event.KeyEvent::getKeyCode (5 bytes)
Event: 3.702 Thread 0x000001b7fe8a7830 nmethod 933 0x000001b787b09610 code [0x000001b787b097a0, 0x000001b787b09878]
Event: 3.702 Thread 0x000001b7fe8a7830  934       3       sun.awt.SunToolkit::isTouchKeyboardAutoShowEnabled (4 bytes)
Event: 3.702 Thread 0x000001b7fe8a7830 nmethod 934 0x000001b780700210 code [0x000001b7807003a0, 0x000001b780700498]
Event: 3.702 Thread 0x000001b7fe8a7830  935   !   3       java.awt.DefaultKeyboardFocusManager::dispatchEvent (1621 bytes)
Event: 3.703 Thread 0x000001b7fe8a06c0  938   !   4       sun.awt.AppContext::get (123 bytes)

GC Heap History (0 events):
No events

Dll operation events (8 events):
Event: 0.018 Loaded shared library C:\Users\claud\.p2\pool\plugins\org.eclipse.justj.openjdk.hotspot.jre.full.win32.x86_64_17.0.5.v20221102-0933\jre\bin\java.dll
Event: 0.270 Loaded shared library C:\Users\claud\.p2\pool\plugins\org.eclipse.justj.openjdk.hotspot.jre.full.win32.x86_64_17.0.5.v20221102-0933\jre\bin\jimage.dll
Event: 0.296 Loaded shared library C:\Users\claud\.p2\pool\plugins\org.eclipse.justj.openjdk.hotspot.jre.full.win32.x86_64_17.0.5.v20221102-0933\jre\bin\net.dll
Event: 0.298 Loaded shared library C:\Users\claud\.p2\pool\plugins\org.eclipse.justj.openjdk.hotspot.jre.full.win32.x86_64_17.0.5.v20221102-0933\jre\bin\nio.dll
Event: 0.309 Loaded shared library C:\Users\claud\.p2\pool\plugins\org.eclipse.justj.openjdk.hotspot.jre.full.win32.x86_64_17.0.5.v20221102-0933\jre\bin\zip.dll
Event: 0.360 Loaded shared library C:\Users\claud\.p2\pool\plugins\org.eclipse.justj.openjdk.hotspot.jre.full.win32.x86_64_17.0.5.v20221102-0933\jre\bin\awt.dll
Event: 0.704 Loaded shared library C:\Users\claud\.p2\pool\plugins\org.eclipse.justj.openjdk.hotspot.jre.full.win32.x86_64_17.0.5.v20221102-0933\jre\bin\freetype.dll
Event: 0.706 Loaded shared library C:\Users\claud\.p2\pool\plugins\org.eclipse.justj.openjdk.hotspot.jre.full.win32.x86_64_17.0.5.v20221102-0933\jre\bin\fontmanager.dll

Deoptimization events (18 events):
Event: 0.769 Thread 0x000001b7f68ab6b0 DEOPT PACKING pc=0x000001b7805b6fe7 sp=0x000000b06e6fc880
Event: 0.769 Thread 0x000001b7f68ab6b0 DEOPT UNPACKING pc=0x000001b780052b43 sp=0x000000b06e6fbca0 mode 0
Event: 2.490 Thread 0x000001b7ff89d160 Uncommon trap: trap_request=0xffffffde fr.pc=0x000001b787aec32c relative=0x00000000000001ac
Event: 2.490 Thread 0x000001b7ff89d160 Uncommon trap: reason=class_check action=maybe_recompile pc=0x000001b787aec32c method=java.lang.String.equals(Ljava/lang/Object;)Z @ 8 c2
Event: 2.490 Thread 0x000001b7ff89d160 DEOPT PACKING pc=0x000001b787aec32c sp=0x000000b06fcfdfe0
Event: 2.490 Thread 0x000001b7ff89d160 DEOPT UNPACKING pc=0x000001b7800523a3 sp=0x000000b06fcfdf88 mode 2
Event: 2.490 Thread 0x000001b7ff89d160 Uncommon trap: trap_request=0xffffffde fr.pc=0x000001b787aec32c relative=0x00000000000001ac
Event: 2.490 Thread 0x000001b7ff89d160 Uncommon trap: reason=class_check action=maybe_recompile pc=0x000001b787aec32c method=java.lang.String.equals(Ljava/lang/Object;)Z @ 8 c2
Event: 2.490 Thread 0x000001b7ff89d160 DEOPT PACKING pc=0x000001b787aec32c sp=0x000000b06fcfdfe0
Event: 2.490 Thread 0x000001b7ff89d160 DEOPT UNPACKING pc=0x000001b7800523a3 sp=0x000000b06fcfdf88 mode 2
Event: 2.537 Thread 0x000001b7ff89d160 Uncommon trap: trap_request=0xffffffde fr.pc=0x000001b787aec32c relative=0x00000000000001ac
Event: 2.537 Thread 0x000001b7ff89d160 Uncommon trap: reason=class_check action=maybe_recompile pc=0x000001b787aec32c method=java.lang.String.equals(Ljava/lang/Object;)Z @ 8 c2
Event: 2.538 Thread 0x000001b7ff89d160 DEOPT PACKING pc=0x000001b787aec32c sp=0x000000b06fcfdfe0
Event: 2.538 Thread 0x000001b7ff89d160 DEOPT UNPACKING pc=0x000001b7800523a3 sp=0x000000b06fcfdf88 mode 2
Event: 2.538 Thread 0x000001b7ff89d160 Uncommon trap: trap_request=0xffffffde fr.pc=0x000001b787aec32c relative=0x00000000000001ac
Event: 2.538 Thread 0x000001b7ff89d160 Uncommon trap: reason=class_check action=maybe_recompile pc=0x000001b787aec32c method=java.lang.String.equals(Ljava/lang/Object;)Z @ 8 c2
Event: 2.538 Thread 0x000001b7ff89d160 DEOPT PACKING pc=0x000001b787aec32c sp=0x000000b06fcfdfe0
Event: 2.538 Thread 0x000001b7ff89d160 DEOPT UNPACKING pc=0x000001b7800523a3 sp=0x000000b06fcfdf88 mode 2

Classes unloaded (0 events):
No events

Classes redefined (0 events):
No events

Internal exceptions (12 events):
Event: 0.342 Thread 0x000001b7f68ab6b0 Exception <a 'java/lang/ClassNotFoundException'{0x00000000c5464a00}: sun/awt/resources/spi/awtProvider> (0x00000000c5464a00) 
thrown [s\src\hotspot\share\classfile\systemDictionary.cpp, line 256]
Event: 0.388 Thread 0x000001b7f68ab6b0 Exception <a 'java/io/FileNotFoundException'{0x00000000c54bf758}> (0x00000000c54bf758) 
thrown [s\src\hotspot\share\prims\jni.cpp, line 516]
Event: 0.400 Thread 0x000001b7f68ab6b0 Exception <a 'java/io/FileNotFoundException'{0x00000000c54ec988}> (0x00000000c54ec988) 
thrown [s\src\hotspot\share\prims\jni.cpp, line 516]
Event: 0.468 Thread 0x000001b7f68ab6b0 Exception <a 'java/lang/NoSuchMethodError'{0x00000000c532d780}: 'java.lang.Object java.lang.invoke.DirectMethodHandle$Holder.invokeStaticInit(java.lang.Object)'> (0x00000000c532d780) 
thrown [s\src\hotspot\share\interpreter\linkResolver.cpp, line 759]
Event: 0.530 Thread 0x000001b7f68ab6b0 Exception <a 'java/lang/NoSuchMethodError'{0x00000000c53ba040}: 'void java.lang.invoke.DirectMethodHandle$Holder.invokeSpecial(java.lang.Object, java.lang.Object, java.lang.Object)'> (0x00000000c53ba040) 
thrown [s\src\hotspot\share\interpreter\linkResolver.cpp, line 759]
Event: 0.543 Thread 0x000001b7f68ab6b0 Exception <a 'java/lang/NoSuchMethodError'{0x00000000c53e41d0}: 'java.lang.Object java.lang.invoke.DirectMethodHandle$Holder.newInvokeSpecial(java.lang.Object, java.lang.Object, java.lang.Object, java.lang.Object, java.lang.Object)'> (0x00000000c53e41d0) 
thrown [s\src\hotspot\share\interpreter\linkResolver.cpp, line 759]
Event: 0.546 Thread 0x000001b7f68ab6b0 Exception <a 'java/lang/NoSuchMethodError'{0x00000000c53efb98}: 'java.lang.Object java.lang.invoke.DirectMethodHandle$Holder.invokeStatic(java.lang.Object, int, java.lang.Object, java.lang.Object, java.lang.Object, java.lang.Object)'> (0x00000000c53efb98) 
thrown [s\src\hotspot\share\interpreter\linkResolver.cpp, line 759]
Event: 0.552 Thread 0x000001b7f68ab6b0 Exception <a 'java/lang/NoSuchMethodError'{0x00000000c5215848}: 'java.lang.Object java.lang.invoke.DirectMethodHandle$Holder.invokeStatic(java.lang.Object, int, java.lang.Object)'> (0x00000000c5215848) 
thrown [s\src\hotspot\share\interpreter\linkResolver.cpp, line 759]
Event: 0.609 Thread 0x000001b7f68ab6b0 Exception <a 'java/lang/ClassNotFoundException'{0x00000000c52cd780}: com/sun/swing/internal/plaf/metal/resources/spi/metalProvider> (0x00000000c52cd780) 
thrown [s\src\hotspot\share\classfile\systemDictionary.cpp, line 256]
Event: 0.615 Thread 0x000001b7f68ab6b0 Exception <a 'java/lang/ClassNotFoundException'{0x00000000c52d1f10}: com/sun/swing/internal/plaf/basic/resources/spi/basicProvider> (0x00000000c52d1f10) 
thrown [s\src\hotspot\share\classfile\systemDictionary.cpp, line 256]
Event: 0.693 Thread 0x000001b7f68ab6b0 Exception <a 'java/lang/NoSuchMethodError'{0x00000000c5153850}: 'void java.lang.invoke.DirectMethodHandle$Holder.invokeStaticInit(java.lang.Object)'> (0x00000000c5153850) 
thrown [s\src\hotspot\share\interpreter\linkResolver.cpp, line 759]
Event: 0.833 Thread 0x000001b7ff84de30 Exception <a 'java/lang/NoSuchMethodError'{0x00000000c5353650}: 'void java.lang.invoke.DirectMethodHandle$Holder.invokeVirtual(java.lang.Object, java.lang.Object)'> (0x00000000c5353650) 
thrown [s\src\hotspot\share\interpreter\linkResolver.cpp, line 759]

VM Operations (14 events):
Event: 0.608 Executing VM operation: HandshakeAllThreads
Event: 0.608 Executing VM operation: HandshakeAllThreads done
Event: 0.669 Executing VM operation: HandshakeAllThreads
Event: 0.670 Executing VM operation: HandshakeAllThreads done
Event: 0.768 Executing VM operation: HandshakeAllThreads
Event: 0.768 Executing VM operation: HandshakeAllThreads done
Event: 0.843 Executing VM operation: HandshakeAllThreads
Event: 0.844 Executing VM operation: HandshakeAllThreads done
Event: 0.908 Executing VM operation: HandshakeAllThreads
Event: 0.908 Executing VM operation: HandshakeAllThreads done
Event: 1.917 Executing VM operation: Cleanup
Event: 1.919 Executing VM operation: Cleanup done
Event: 2.921 Executing VM operation: Cleanup
Event: 2.921 Executing VM operation: Cleanup done

Events (20 events):
Event: 2.498 loading class javax/swing/text/AbstractDocument$UndoRedoDocumentEvent
Event: 2.498 loading class javax/swing/text/AbstractDocument$UndoRedoDocumentEvent done
Event: 2.498 loading class javax/swing/text/DefaultCaret$1
Event: 2.498 loading class javax/swing/text/DefaultCaret$1 done
Event: 2.498 loading class javax/swing/event/UndoableEditEvent
Event: 2.498 loading class javax/swing/event/UndoableEditEvent done
Event: 2.498 loading class javax/swing/text/AbstractDocument$DefaultDocumentEventUndoableWrapper
Event: 2.498 loading class sun/swing/text/UndoableEditLockSupport
Event: 2.499 loading class sun/swing/text/UndoableEditLockSupport done
Event: 2.499 loading class javax/swing/text/AbstractDocument$DefaultDocumentEventUndoableWrapper done
Event: 2.499 loading class javax/swing/event/UndoableEditListener
Event: 2.499 loading class javax/swing/event/UndoableEditListener done
Event: 2.500 loading class javax/swing/RepaintManager$3
Event: 2.500 loading class javax/swing/RepaintManager$3 done
Event: 2.905 loading class java/awt/Canvas
Event: 2.906 loading class java/awt/Canvas done
Event: 2.906 loading class java/awt/Scrollbar
Event: 2.907 loading class java/awt/Adjustable
Event: 2.908 loading class java/awt/Adjustable done
Event: 2.908 loading class java/awt/Scrollbar done


Dynamic libraries:
0x00007ff6cabb0000 - 0x00007ff6cabbe000 	C:\Users\claud\.p2\pool\plugins\org.eclipse.justj.openjdk.hotspot.jre.full.win32.x86_64_17.0.5.v20221102-0933\jre\bin\javaw.exe
0x00007ffe11050000 - 0x00007ffe11248000 	C:\Windows\SYSTEM32\ntdll.dll
0x00007ffe0f0b0000 - 0x00007ffe0f16f000 	C:\Windows\System32\KERNEL32.DLL
0x00007ffe0e9e0000 - 0x00007ffe0ecd6000 	C:\Windows\System32\KERNELBASE.dll
0x00007ffe0ed10000 - 0x00007ffe0ee10000 	C:\Windows\System32\ucrtbase.dll
0x00007ffe01930000 - 0x00007ffe01947000 	C:\Users\claud\.p2\pool\plugins\org.eclipse.justj.openjdk.hotspot.jre.full.win32.x86_64_17.0.5.v20221102-0933\jre\bin\jli.dll
0x00007ffe10900000 - 0x00007ffe10a9d000 	C:\Windows\System32\USER32.dll
0x00007ffe0a110000 - 0x00007ffe0a129000 	C:\Users\claud\.p2\pool\plugins\org.eclipse.justj.openjdk.hotspot.jre.full.win32.x86_64_17.0.5.v20221102-0933\jre\bin\VCRUNTIME140.dll
0x00007ffe0ece0000 - 0x00007ffe0ed02000 	C:\Windows\System32\win32u.dll
0x00007ffe0f350000 - 0x00007ffe0f37c000 	C:\Windows\System32\GDI32.dll
0x00007ffe0e840000 - 0x00007ffe0e955000 	C:\Windows\System32\gdi32full.dll
0x00007ffdfa320000 - 0x00007ffdfa5ba000 	C:\Windows\WinSxS\amd64_microsoft.windows.common-controls_6595b64144ccf1df_6.0.19041.1110_none_60b5254171f9507e\COMCTL32.dll
0x00007ffe0e7a0000 - 0x00007ffe0e83d000 	C:\Windows\System32\msvcp_win.dll
0x00007ffe0fb30000 - 0x00007ffe0fbce000 	C:\Windows\System32\msvcrt.dll
0x00007ffe0f170000 - 0x00007ffe0f1a0000 	C:\Windows\System32\IMM32.DLL
0x00007ffe0a160000 - 0x00007ffe0a16c000 	C:\Users\claud\.p2\pool\plugins\org.eclipse.justj.openjdk.hotspot.jre.full.win32.x86_64_17.0.5.v20221102-0933\jre\bin\vcruntime140_1.dll
0x00007ffdefa70000 - 0x00007ffdefb01000 	C:\Users\claud\.p2\pool\plugins\org.eclipse.justj.openjdk.hotspot.jre.full.win32.x86_64_17.0.5.v20221102-0933\jre\bin\msvcp140.dll
0x00007ffd865c0000 - 0x00007ffd87204000 	C:\Users\claud\.p2\pool\plugins\org.eclipse.justj.openjdk.hotspot.jre.full.win32.x86_64_17.0.5.v20221102-0933\jre\bin\server\jvm.dll
0x00007ffe10850000 - 0x00007ffe108ff000 	C:\Windows\System32\ADVAPI32.dll
0x00007ffe10040000 - 0x00007ffe100dc000 	C:\Windows\System32\sechost.dll
0x00007ffe0fa00000 - 0x00007ffe0fb26000 	C:\Windows\System32\RPCRT4.dll
0x00007ffdf7540000 - 0x00007ffdf7567000 	C:\Windows\SYSTEM32\WINMM.dll
0x00007ffdf8e80000 - 0x00007ffdf8e8a000 	C:\Windows\SYSTEM32\VERSION.dll
0x00007ffdee590000 - 0x00007ffdee599000 	C:\Windows\SYSTEM32\WSOCK32.dll
0x00007ffe10be0000 - 0x00007ffe10c4b000 	C:\Windows\System32\WS2_32.dll
0x00007ffe0c7b0000 - 0x00007ffe0c7c2000 	C:\Windows\SYSTEM32\kernel.appcore.dll
0x00007ffe06300000 - 0x00007ffe0630a000 	C:\Users\claud\.p2\pool\plugins\org.eclipse.justj.openjdk.hotspot.jre.full.win32.x86_64_17.0.5.v20221102-0933\jre\bin\jimage.dll
0x00007ffe0c000000 - 0x00007ffe0c1e4000 	C:\Windows\SYSTEM32\DBGHELP.DLL
0x00007ffdf6f90000 - 0x00007ffdf6fc4000 	C:\Windows\SYSTEM32\dbgcore.DLL
0x00007ffe0ef70000 - 0x00007ffe0eff2000 	C:\Windows\System32\bcryptPrimitives.dll
0x00007ffdf89d0000 - 0x00007ffdf89f5000 	C:\Users\claud\.p2\pool\plugins\org.eclipse.justj.openjdk.hotspot.jre.full.win32.x86_64_17.0.5.v20221102-0933\jre\bin\java.dll
0x00007ffe01710000 - 0x00007ffe01728000 	C:\Users\claud\.p2\pool\plugins\org.eclipse.justj.openjdk.hotspot.jre.full.win32.x86_64_17.0.5.v20221102-0933\jre\bin\zip.dll
0x00007ffe100e0000 - 0x00007ffe10824000 	C:\Windows\System32\SHELL32.dll
0x00007ffe0c7d0000 - 0x00007ffe0cf63000 	C:\Windows\SYSTEM32\windows.storage.dll
0x00007ffe10cb0000 - 0x00007ffe11004000 	C:\Windows\System32\combase.dll
0x00007ffe0e170000 - 0x00007ffe0e19e000 	C:\Windows\SYSTEM32\Wldp.dll
0x00007ffe0ff90000 - 0x00007ffe1003d000 	C:\Windows\System32\SHCORE.dll
0x00007ffe0f990000 - 0x00007ffe0f9e5000 	C:\Windows\System32\shlwapi.dll
0x00007ffe0e660000 - 0x00007ffe0e685000 	C:\Windows\SYSTEM32\profapi.dll
0x00007ffe016d0000 - 0x00007ffe016e9000 	C:\Users\claud\.p2\pool\plugins\org.eclipse.justj.openjdk.hotspot.jre.full.win32.x86_64_17.0.5.v20221102-0933\jre\bin\net.dll
0x00007ffe01420000 - 0x00007ffe0152a000 	C:\Windows\SYSTEM32\WINHTTP.dll
0x00007ffe0ded0000 - 0x00007ffe0df3a000 	C:\Windows\system32\mswsock.dll
0x00007ffdf89b0000 - 0x00007ffdf89c5000 	C:\Users\claud\.p2\pool\plugins\org.eclipse.justj.openjdk.hotspot.jre.full.win32.x86_64_17.0.5.v20221102-0933\jre\bin\nio.dll
0x00007ffde27b0000 - 0x00007ffde293e000 	C:\Users\claud\.p2\pool\plugins\org.eclipse.justj.openjdk.hotspot.jre.full.win32.x86_64_17.0.5.v20221102-0933\jre\bin\awt.dll
0x00007ffe0f390000 - 0x00007ffe0f45d000 	C:\Windows\System32\OLEAUT32.dll
0x00007ffe0bca0000 - 0x00007ffe0bd31000 	C:\Windows\SYSTEM32\apphelp.dll
0x00007ffe0c1f0000 - 0x00007ffe0c21f000 	C:\Windows\system32\DWMAPI.DLL
0x00007ffe0bd60000 - 0x00007ffe0bdfe000 	C:\Windows\system32\uxtheme.dll
0x00007ffdd48a0000 - 0x00007ffdd49c5000 	C:\Windows\system32\opengl32.dll
0x00007ffde2210000 - 0x00007ffde223c000 	C:\Windows\SYSTEM32\GLU32.dll
0x00007ffe0fd60000 - 0x00007ffe0fe74000 	C:\Windows\System32\MSCTF.dll
0x00007ffe0fbd0000 - 0x00007ffe0fcfa000 	C:\Windows\System32\ole32.dll
0x00007ffdef9e0000 - 0x00007ffdefa66000 	C:\Users\claud\.p2\pool\plugins\org.eclipse.justj.openjdk.hotspot.jre.full.win32.x86_64_17.0.5.v20221102-0933\jre\bin\freetype.dll
0x00007ffdef890000 - 0x00007ffdef955000 	C:\Users\claud\.p2\pool\plugins\org.eclipse.justj.openjdk.hotspot.jre.full.win32.x86_64_17.0.5.v20221102-0933\jre\bin\fontmanager.dll
0x00007ffe00c70000 - 0x00007ffe00d6a000 	C:\Windows\SYSTEM32\textinputframework.dll
0x00007ffe0b710000 - 0x00007ffe0ba6e000 	C:\Windows\System32\CoreUIComponents.dll
0x00007ffe0ba70000 - 0x00007ffe0bb62000 	C:\Windows\System32\CoreMessaging.dll
0x00007ffe0afb0000 - 0x00007ffe0b104000 	C:\Windows\SYSTEM32\wintypes.dll
0x00007ffe0d830000 - 0x00007ffe0d863000 	C:\Windows\SYSTEM32\ntmarta.dll
0x00007ffe0f460000 - 0x00007ffe0f509000 	C:\Windows\System32\clbcatq.dll
0x00007ffe05420000 - 0x00007ffe055d4000 	C:\Windows\SYSTEM32\WindowsCodecs.dll
0x00007ffe0e9b0000 - 0x00007ffe0e9d7000 	C:\Windows\System32\bcrypt.dll
0x00007ffddcb30000 - 0x00007ffddcb6e000 	C:\Windows\system32\dataexchange.dll
0x00007ffe0b110000 - 0x00007ffe0b2f3000 	C:\Windows\system32\dcomp.dll
0x00007ffe0a8c0000 - 0x00007ffe0ab23000 	C:\Windows\system32\d3d11.dll
0x00007ffe0cfd0000 - 0x00007ffe0d0c3000 	C:\Windows\system32\dxgi.dll
0x00007ffe05830000 - 0x00007ffe05a37000 	C:\Windows\system32\twinapi.appcore.dll

dbghelp: loaded successfully - version: 4.0.5 - missing functions: none
symbol engine: initialized successfully - sym options: 0x614 - pdb path: .;C:\Users\claud\.p2\pool\plugins\org.eclipse.justj.openjdk.hotspot.jre.full.win32.x86_64_17.0.5.v20221102-0933\jre\bin;C:\Windows\SYSTEM32;C:\Windows\WinSxS\amd64_microsoft.windows.common-controls_6595b64144ccf1df_6.0.19041.1110_none_60b5254171f9507e;C:\Users\claud\.p2\pool\plugins\org.eclipse.justj.openjdk.hotspot.jre.full.win32.x86_64_17.0.5.v20221102-0933\jre\bin\server

VM Arguments:
jvm_args: -Dfile.encoding=UTF-8 -XX:+ShowCodeDetailsInExceptionMessages 
java_command: login.desktop.desktop
java_class_path (initial): C:\Users\claud\eclipse-workspace\login\bin;C:\Users\claud\Downloads\mysql-connector-j-8.0.32.jar
Launcher Type: SUN_STANDARD

[Global flags]
     intx CICompilerCount                          = 3                                         {product} {ergonomic}
     uint ConcGCThreads                            = 1                                         {product} {ergonomic}
     uint G1ConcRefinementThreads                  = 4                                         {product} {ergonomic}
   size_t G1HeapRegionSize                         = 1048576                                   {product} {ergonomic}
    uintx GCDrainStackTargetSize                   = 64                                        {product} {ergonomic}
   size_t InitialHeapSize                          = 67108864                                  {product} {ergonomic}
   size_t MarkStackSize                            = 4194304                                   {product} {ergonomic}
   size_t MaxHeapSize                              = 1050673152                                {product} {ergonomic}
   size_t MaxNewSize                               = 630194176                                 {product} {ergonomic}
   size_t MinHeapDeltaBytes                        = 1048576                                   {product} {ergonomic}
   size_t MinHeapSize                              = 8388608                                   {product} {ergonomic}
    uintx NonNMethodCodeHeapSize                   = 5832780                                {pd product} {ergonomic}
    uintx NonProfiledCodeHeapSize                  = 122912730                              {pd product} {ergonomic}
    uintx ProfiledCodeHeapSize                     = 122912730                              {pd product} {ergonomic}
    uintx ReservedCodeCacheSize                    = 251658240                              {pd product} {ergonomic}
     bool SegmentedCodeCache                       = true                                      {product} {ergonomic}
     bool ShowCodeDetailsInExceptionMessages       = true                                   {manageable} {command line}
   size_t SoftMaxHeapSize                          = 1050673152                             {manageable} {ergonomic}
     bool UseCompressedClassPointers               = true                           {product lp64_product} {ergonomic}
     bool UseCompressedOops                        = true                           {product lp64_product} {ergonomic}
     bool UseG1GC                                  = true                                      {product} {ergonomic}
     bool UseLargePagesIndividualAllocation        = false                                  {pd product} {ergonomic}

Logging:
Log output configuration:
 #0: stdout all=warning uptime,level,tags
 #1: stderr all=off uptime,level,tags

Environment Variables:
PATH=C:/Program Files/Java/jdk-19/bin/server;C:/Program Files/Java/jdk-19/bin;C:\Program Files\Common Files\Oracle\Java\javapath;C:\Program Files (x86)\Intel\Intel(R) Management Engine Components\iCLS\;C:\Program Files\Intel\Intel(R) Management Engine Components\iCLS\;C:\Windows\system32;C:\Windows;C:\Windows\System32\Wbem;C:\Windows\System32\WindowsPowerShell\v1.0\;C:\Windows\System32\OpenSSH\;C:\Program Files (x86)\Intel\Intel(R) Management Engine Components\DAL;C:\Program Files\Intel\Intel(R) Management Engine Components\DAL;C:\ProgramData\UNIVALI\Portugol Studio;C:\Program Files\Git\cmd;C:\Program Files (x86)\Microsoft SQL Server\160\Tools\Binn\;C:\Program Files\Microsoft SQL Server\160\Tools\Binn\;C:\Program Files\Microsoft SQL Server\Client SDK\ODBC\170\Tools\Binn\;C:\Program Files\Microsoft SQL Server\160\DTS\Binn\;C:\Program Files (x86)\Microsoft SQL Server\160\DTS\Binn\;C:\Program Files\MySQL\MySQL Shell 8.0\bin\;C:\Users\claud\AppData\Local\Microsoft\WindowsApps;C:\Users\claud\AppData\Local\Programs\Microsoft VS Code\bin;C:\Program Files\Azure Data Studio\bin;C:\Windows;
USERNAME=claud
OS=Windows_NT
PROCESSOR_IDENTIFIER=Intel64 Family 6 Model 142 Stepping 10, GenuineIntel
TMP=C:\Users\claud\AppData\Local\Temp
TEMP=C:\Users\claud\AppData\Local\Temp



---------------  S Y S T E M  ---------------

OS:
 Windows 10 , 64 bit Build 19041 (10.0.19041.3155)
OS uptime: 4 days 22:55 hours

CPU: total 4 (initial active 4) (2 cores per cpu, 2 threads per core) family 6 model 142 stepping 10 microcode 0xb4, cx8, cmov, fxsr, ht, mmx, 3dnowpref, sse, sse2, sse3, ssse3, sse4.1, sse4.2, popcnt, lzcnt, tsc, tscinvbit, avx, avx2, aes, erms, clmul, bmi1, bmi2, adx, fma, vzeroupper, clflush, clflushopt

Memory: 4k page, system-wide physical 4007M (135M free)
TotalPageFile size 16295M (AvailPageFile size 11M)
current process WorkingSet (physical memory assigned to process): 68M, peak: 68M
current process commit charge ("private bytes"): 149M, peak: 149M

vm_info: OpenJDK 64-Bit Server VM (17.0.5+8) for windows-amd64 JRE (17.0.5+8), built on Oct 19 2022 04:48:13 by "temurin" with MS VC++ 16.7 (VS2019)

END.
